[0.009s] Invoking command in '/home/niles/ros2_ws/src/roboteq_controller/build/roboteq_controller': CMAKE_PREFIX_PATH=${CMAKE_PREFIX_PATH}:/opt/ros/jazzy CONDA_PROMPT_MODIFIER=(rss) DEBUGINFOD_URLS=https://debuginfod.ubuntu.com /usr/bin/cmake /home/niles/ros2_ws/src/roboteq_controller -DCMAKE_INSTALL_PREFIX=/home/niles/ros2_ws/src/roboteq_controller/install/roboteq_controller
[0.094s] -- The C compiler identification is GNU 13.3.0
[0.162s] -- The CXX compiler identification is GNU 13.3.0
[0.182s] -- Detecting C compiler ABI info
[0.278s] -- Detecting C compiler ABI info - done
[0.283s] -- Check for working C compiler: /usr/bin/cc - skipped
[0.284s] -- Detecting C compile features
[0.284s] -- Detecting C compile features - done
[0.293s] -- Detecting CXX compiler ABI info
[0.388s] -- Detecting CXX compiler ABI info - done
[0.393s] -- Check for working CXX compiler: /usr/bin/c++ - skipped
[0.394s] -- Detecting CXX compile features
[0.394s] -- Detecting CXX compile features - done
[0.401s] -- Found ament_cmake: 2.5.3 (/opt/ros/jazzy/share/ament_cmake/cmake)
[0.602s] -- Found Python3: /home/niles/miniforge3/envs/rss/bin/python3 (found version "3.9.21") found components: Interpreter 
[0.692s] -- Found rclcpp: 28.1.6 (/opt/ros/jazzy/share/rclcpp/cmake)
[0.738s] -- Found rosidl_generator_c: 4.6.5 (/opt/ros/jazzy/share/rosidl_generator_c/cmake)
[0.752s] -- Found rosidl_generator_cpp: 4.6.5 (/opt/ros/jazzy/share/rosidl_generator_cpp/cmake)
[0.769s] -- Using all available rosidl_typesupport_c: rosidl_typesupport_fastrtps_c;rosidl_typesupport_introspection_c
[0.786s] -- Using all available rosidl_typesupport_cpp: rosidl_typesupport_fastrtps_cpp;rosidl_typesupport_introspection_cpp
[0.859s] -- Found rmw_implementation_cmake: 7.3.1 (/opt/ros/jazzy/share/rmw_implementation_cmake/cmake)
[0.863s] -- Found rmw_fastrtps_cpp: 8.4.1 (/opt/ros/jazzy/share/rmw_fastrtps_cpp/cmake)
[0.962s] -- Found OpenSSL: /usr/lib/x86_64-linux-gnu/libcrypto.so (found version "3.0.13")  
[0.977s] -- Found FastRTPS: /opt/ros/jazzy/include (Required is at least version "2.13") 
[0.993s] -- Using RMW implementation 'rmw_fastrtps_cpp' as default
[1.069s] [31mCMake Error at CMakeLists.txt:11 (find_package):
[1.069s]   By not providing "Findserial.cmake" in CMAKE_MODULE_PATH this project has
[1.070s]   asked CMake to find a package configuration file provided by "serial", but
[1.070s]   CMake did not find one.
[1.070s] 
[1.070s]   Could not find a package configuration file provided by "serial" with any
[1.070s]   of the following names:
[1.070s] 
[1.070s]     serialConfig.cmake
[1.070s]     serial-config.cmake
[1.070s] 
[1.070s]   Add the installation prefix of "serial" to CMAKE_PREFIX_PATH or set
[1.070s]   "serial_DIR" to a directory containing one of the above files.  If "serial"
[1.071s]   provides a separate development package or SDK, be sure it has been
[1.071s]   installed.
[1.071s] 
[1.071s] [0m
[1.071s] -- Configuring incomplete, errors occurred!
[1.077s] Invoked command in '/home/niles/ros2_ws/src/roboteq_controller/build/roboteq_controller' returned '1': CMAKE_PREFIX_PATH=${CMAKE_PREFIX_PATH}:/opt/ros/jazzy CONDA_PROMPT_MODIFIER=(rss) DEBUGINFOD_URLS=https://debuginfod.ubuntu.com /usr/bin/cmake /home/niles/ros2_ws/src/roboteq_controller -DCMAKE_INSTALL_PREFIX=/home/niles/ros2_ws/src/roboteq_controller/install/roboteq_controller
