[0.017s] Invoking command in '/home/niles/ros2_ws/build/speed_pub': CMAKE_PREFIX_PATH=${CMAKE_PREFIX_PATH}:/opt/ros/jazzy CONDA_PROMPT_MODIFIER=(rss) DEBUGINFOD_URLS=https://debuginfod.ubuntu.com /usr/bin/cmake --build /home/niles/ros2_ws/build/speed_pub -- -j16 -l16
[0.062s] -- Found ament_cmake: 2.5.3 (/opt/ros/jazzy/share/ament_cmake/cmake)
[0.527s] -- Found rclcpp: 28.1.6 (/opt/ros/jazzy/share/rclcpp/cmake)
[0.575s] -- Found rosidl_generator_c: 4.6.5 (/opt/ros/jazzy/share/rosidl_generator_c/cmake)
[0.588s] -- Found rosidl_generator_cpp: 4.6.5 (/opt/ros/jazzy/share/rosidl_generator_cpp/cmake)
[0.608s] -- Using all available rosidl_typesupport_c: rosidl_typesupport_fastrtps_c;rosidl_typesupport_introspection_c
[0.629s] -- Using all available rosidl_typesupport_cpp: rosidl_typesupport_fastrtps_cpp;rosidl_typesupport_introspection_cpp
[0.725s] -- Found rmw_implementation_cmake: 7.3.1 (/opt/ros/jazzy/share/rmw_implementation_cmake/cmake)
[0.727s] -- Found rmw_fastrtps_cpp: 8.4.1 (/opt/ros/jazzy/share/rmw_fastrtps_cpp/cmake)
[0.836s] -- Using RMW implementation 'rmw_fastrtps_cpp' as default
[0.938s] -- Found std_msgs: 5.3.5 (/opt/ros/jazzy/share/std_msgs/cmake)
[0.960s] -- Found ament_lint_auto: 0.17.1 (/opt/ros/jazzy/share/ament_lint_auto/cmake)
[1.083s] -- Added test 'cppcheck' to perform static code analysis on C / C++ code
[1.083s] -- Configured cppcheck include dirs: 
[1.083s] -- Configured cppcheck exclude dirs and/or files: 
[1.084s] -- Added test 'lint_cmake' to check CMake code style
[1.085s] -- Added test 'uncrustify' to check C / C++ code style
[1.085s] -- Configured uncrustify additional arguments: 
[1.085s] -- Added test 'xmllint' to check XML markup files
[1.087s] -- Configuring done (1.0s)
[1.107s] -- Generating done (0.0s)
[1.112s] -- Build files have been written to: /home/niles/ros2_ws/build/speed_pub
[1.206s] [ 50%] [32mBuilding CXX object CMakeFiles/speed_pub_node.dir/src/speed_pub_node.cpp.o[0m
[4.895s] [100%] [32m[1mLinking CXX executable speed_pub_node[0m
[5.010s] [100%] Built target speed_pub_node
[5.024s] Invoked command in '/home/niles/ros2_ws/build/speed_pub' returned '0': CMAKE_PREFIX_PATH=${CMAKE_PREFIX_PATH}:/opt/ros/jazzy CONDA_PROMPT_MODIFIER=(rss) DEBUGINFOD_URLS=https://debuginfod.ubuntu.com /usr/bin/cmake --build /home/niles/ros2_ws/build/speed_pub -- -j16 -l16
[5.025s] Invoking command in '/home/niles/ros2_ws/build/speed_pub': CMAKE_PREFIX_PATH=${CMAKE_PREFIX_PATH}:/opt/ros/jazzy CONDA_PROMPT_MODIFIER=(rss) DEBUGINFOD_URLS=https://debuginfod.ubuntu.com /usr/bin/cmake --install /home/niles/ros2_ws/build/speed_pub
[5.034s] -- Install configuration: ""
[5.034s] -- Installing: /home/niles/ros2_ws/install/speed_pub/lib/speed_pub/speed_pub_node
[5.035s] -- Set non-toolchain portion of runtime path of "/home/niles/ros2_ws/install/speed_pub/lib/speed_pub/speed_pub_node" to ""
[5.035s] -- Installing: /home/niles/ros2_ws/install/speed_pub/share/ament_index/resource_index/package_run_dependencies/speed_pub
[5.036s] -- Up-to-date: /home/niles/ros2_ws/install/speed_pub/share/ament_index/resource_index/parent_prefix_path/speed_pub
[5.036s] -- Up-to-date: /home/niles/ros2_ws/install/speed_pub/share/speed_pub/environment/ament_prefix_path.sh
[5.036s] -- Up-to-date: /home/niles/ros2_ws/install/speed_pub/share/speed_pub/environment/ament_prefix_path.dsv
[5.036s] -- Up-to-date: /home/niles/ros2_ws/install/speed_pub/share/speed_pub/environment/path.sh
[5.036s] -- Up-to-date: /home/niles/ros2_ws/install/speed_pub/share/speed_pub/environment/path.dsv
[5.036s] -- Up-to-date: /home/niles/ros2_ws/install/speed_pub/share/speed_pub/local_setup.bash
[5.036s] -- Up-to-date: /home/niles/ros2_ws/install/speed_pub/share/speed_pub/local_setup.sh
[5.036s] -- Up-to-date: /home/niles/ros2_ws/install/speed_pub/share/speed_pub/local_setup.zsh
[5.036s] -- Up-to-date: /home/niles/ros2_ws/install/speed_pub/share/speed_pub/local_setup.dsv
[5.036s] -- Installing: /home/niles/ros2_ws/install/speed_pub/share/speed_pub/package.dsv
[5.036s] -- Up-to-date: /home/niles/ros2_ws/install/speed_pub/share/ament_index/resource_index/packages/speed_pub
[5.036s] -- Up-to-date: /home/niles/ros2_ws/install/speed_pub/share/speed_pub/cmake/speed_pubConfig.cmake
[5.036s] -- Up-to-date: /home/niles/ros2_ws/install/speed_pub/share/speed_pub/cmake/speed_pubConfig-version.cmake
[5.036s] -- Installing: /home/niles/ros2_ws/install/speed_pub/share/speed_pub/package.xml
[5.038s] Invoked command in '/home/niles/ros2_ws/build/speed_pub' returned '0': CMAKE_PREFIX_PATH=${CMAKE_PREFIX_PATH}:/opt/ros/jazzy CONDA_PROMPT_MODIFIER=(rss) DEBUGINFOD_URLS=https://debuginfod.ubuntu.com /usr/bin/cmake --install /home/niles/ros2_ws/build/speed_pub
