[ 50%] [32mBuilding CXX object CMakeFiles/speed_pub_node.dir/src/speed_pub_node.cpp.o[0m
[100%] [32m[1mLinking CXX executable speed_pub_node[0m
[100%] Built target speed_pub_node
-- Install configuration: ""
-- Installing: /home/niles/ros2_ws/install/speed_pub/lib/speed_pub/speed_pub_node
-- Set non-toolchain portion of runtime path of "/home/niles/ros2_ws/install/speed_pub/lib/speed_pub/speed_pub_node" to ""
-- Up-to-date: /home/niles/ros2_ws/install/speed_pub/share/ament_index/resource_index/package_run_dependencies/speed_pub
-- Up-to-date: /home/niles/ros2_ws/install/speed_pub/share/ament_index/resource_index/parent_prefix_path/speed_pub
-- Up-to-date: /home/niles/ros2_ws/install/speed_pub/share/speed_pub/environment/ament_prefix_path.sh
-- Up-to-date: /home/niles/ros2_ws/install/speed_pub/share/speed_pub/environment/ament_prefix_path.dsv
-- Up-to-date: /home/niles/ros2_ws/install/speed_pub/share/speed_pub/environment/path.sh
-- Up-to-date: /home/niles/ros2_ws/install/speed_pub/share/speed_pub/environment/path.dsv
-- Up-to-date: /home/niles/ros2_ws/install/speed_pub/share/speed_pub/local_setup.bash
-- Up-to-date: /home/niles/ros2_ws/install/speed_pub/share/speed_pub/local_setup.sh
-- Up-to-date: /home/niles/ros2_ws/install/speed_pub/share/speed_pub/local_setup.zsh
-- Up-to-date: /home/niles/ros2_ws/install/speed_pub/share/speed_pub/local_setup.dsv
-- Installing: /home/niles/ros2_ws/install/speed_pub/share/speed_pub/package.dsv
-- Up-to-date: /home/niles/ros2_ws/install/speed_pub/share/ament_index/resource_index/packages/speed_pub
-- Up-to-date: /home/niles/ros2_ws/install/speed_pub/share/speed_pub/cmake/speed_pubConfig.cmake
-- Up-to-date: /home/niles/ros2_ws/install/speed_pub/share/speed_pub/cmake/speed_pubConfig-version.cmake
-- Up-to-date: /home/niles/ros2_ws/install/speed_pub/share/speed_pub/package.xml
