[0.118s] DEBUG:colcon:Command line arguments: ['/usr/bin/colcon', 'build', '--packages-select', 'roboteq_controller', 'serial', 'speed_pub']
[0.118s] DEBUG:colcon:Parsed command line arguments: Namespace(log_base=None, log_level=None, verb_name='build', build_base='build', install_base='install', merge_install=False, symlink_install=False, test_result_base=None, continue_on_error=False, executor='parallel', parallel_workers=16, event_handlers=None, ignore_user_meta=False, metas=['./colcon.meta'], base_paths=['.'], packages_ignore=None, packages_ignore_regex=None, paths=None, packages_up_to=None, packages_up_to_regex=None, packages_above=None, packages_above_and_dependencies=None, packages_above_depth=None, packages_select_by_dep=None, packages_skip_by_dep=None, packages_skip_up_to=None, packages_select_build_failed=False, packages_skip_build_finished=False, packages_select_test_failures=False, packages_skip_test_passed=False, packages_select=['roboteq_controller', 'serial', 'speed_pub'], packages_skip=None, packages_select_regex=None, packages_skip_regex=None, packages_start=None, packages_end=None, allow_overriding=[], cmake_args=None, cmake_target=None, cmake_target_skip_unavailable=False, cmake_clean_cache=False, cmake_clean_first=False, cmake_force_configure=False, ament_cmake_args=None, catkin_cmake_args=None, catkin_skip_building_tests=False, mixin_files=None, mixin=None, verb_parser=<colcon_mixin.mixin.mixin_argument.MixinArgumentDecorator object at 0x7ff838d732f0>, verb_extension=<colcon_core.verb.build.BuildVerb object at 0x7ff838d73080>, main=<bound method BuildVerb.main of <colcon_core.verb.build.BuildVerb object at 0x7ff838d73080>>, mixin_verb=('build',))
[0.167s] Level 1:colcon.colcon_core.package_discovery:discover_packages(colcon_meta) check parameters
[0.168s] Level 1:colcon.colcon_core.package_discovery:discover_packages(recursive) check parameters
[0.168s] Level 1:colcon.colcon_core.package_discovery:discover_packages(ignore) check parameters
[0.168s] Level 1:colcon.colcon_core.package_discovery:discover_packages(path) check parameters
[0.168s] Level 1:colcon.colcon_core.package_discovery:discover_packages(colcon_meta) discover
[0.168s] Level 1:colcon.colcon_core.package_discovery:discover_packages(recursive) discover
[0.168s] INFO:colcon.colcon_core.package_discovery:Crawling recursively for packages in '/home/niles/ros2_ws'
[0.168s] Level 1:colcon.colcon_core.package_identification:_identify(.) by extensions ['ignore', 'ignore_ament_install']
[0.168s] Level 1:colcon.colcon_core.package_identification:_identify(.) by extension 'ignore'
[0.168s] Level 1:colcon.colcon_core.package_identification:_identify(.) by extension 'ignore_ament_install'
[0.168s] Level 1:colcon.colcon_core.package_identification:_identify(.) by extensions ['colcon_pkg']
[0.168s] Level 1:colcon.colcon_core.package_identification:_identify(.) by extension 'colcon_pkg'
[0.168s] Level 1:colcon.colcon_core.package_identification:_identify(.) by extensions ['colcon_meta']
[0.168s] Level 1:colcon.colcon_core.package_identification:_identify(.) by extension 'colcon_meta'
[0.168s] Level 1:colcon.colcon_core.package_identification:_identify(.) by extensions ['ros']
[0.168s] Level 1:colcon.colcon_core.package_identification:_identify(.) by extension 'ros'
[0.200s] Level 1:colcon.colcon_core.package_identification:_identify(.) by extensions ['cmake', 'python']
[0.200s] Level 1:colcon.colcon_core.package_identification:_identify(.) by extension 'cmake'
[0.200s] Level 1:colcon.colcon_core.package_identification:_identify(.) by extension 'python'
[0.200s] Level 1:colcon.colcon_core.package_identification:_identify(.) by extensions ['python_setup_py']
[0.200s] Level 1:colcon.colcon_core.package_identification:_identify(.) by extension 'python_setup_py'
[0.200s] Level 1:colcon.colcon_core.package_identification:_identify(build) by extensions ['ignore', 'ignore_ament_install']
[0.200s] Level 1:colcon.colcon_core.package_identification:_identify(build) by extension 'ignore'
[0.200s] Level 1:colcon.colcon_core.package_identification:_identify(build) ignored
[0.200s] Level 1:colcon.colcon_core.package_identification:_identify(install) by extensions ['ignore', 'ignore_ament_install']
[0.200s] Level 1:colcon.colcon_core.package_identification:_identify(install) by extension 'ignore'
[0.200s] Level 1:colcon.colcon_core.package_identification:_identify(install) ignored
[0.200s] Level 1:colcon.colcon_core.package_identification:_identify(log) by extensions ['ignore', 'ignore_ament_install']
[0.200s] Level 1:colcon.colcon_core.package_identification:_identify(log) by extension 'ignore'
[0.201s] Level 1:colcon.colcon_core.package_identification:_identify(log) ignored
[0.201s] Level 1:colcon.colcon_core.package_identification:_identify(src) by extensions ['ignore', 'ignore_ament_install']
[0.201s] Level 1:colcon.colcon_core.package_identification:_identify(src) by extension 'ignore'
[0.201s] Level 1:colcon.colcon_core.package_identification:_identify(src) by extension 'ignore_ament_install'
[0.201s] Level 1:colcon.colcon_core.package_identification:_identify(src) by extensions ['colcon_pkg']
[0.201s] Level 1:colcon.colcon_core.package_identification:_identify(src) by extension 'colcon_pkg'
[0.201s] Level 1:colcon.colcon_core.package_identification:_identify(src) by extensions ['colcon_meta']
[0.201s] Level 1:colcon.colcon_core.package_identification:_identify(src) by extension 'colcon_meta'
[0.201s] Level 1:colcon.colcon_core.package_identification:_identify(src) by extensions ['ros']
[0.201s] Level 1:colcon.colcon_core.package_identification:_identify(src) by extension 'ros'
[0.201s] Level 1:colcon.colcon_core.package_identification:_identify(src) by extensions ['cmake', 'python']
[0.201s] Level 1:colcon.colcon_core.package_identification:_identify(src) by extension 'cmake'
[0.201s] Level 1:colcon.colcon_core.package_identification:_identify(src) by extension 'python'
[0.201s] Level 1:colcon.colcon_core.package_identification:_identify(src) by extensions ['python_setup_py']
[0.201s] Level 1:colcon.colcon_core.package_identification:_identify(src) by extension 'python_setup_py'
[0.201s] Level 1:colcon.colcon_core.package_identification:_identify(src/robosense_description) by extensions ['ignore', 'ignore_ament_install']
[0.201s] Level 1:colcon.colcon_core.package_identification:_identify(src/robosense_description) by extension 'ignore'
[0.201s] Level 1:colcon.colcon_core.package_identification:_identify(src/robosense_description) by extension 'ignore_ament_install'
[0.201s] Level 1:colcon.colcon_core.package_identification:_identify(src/robosense_description) by extensions ['colcon_pkg']
[0.201s] Level 1:colcon.colcon_core.package_identification:_identify(src/robosense_description) by extension 'colcon_pkg'
[0.201s] Level 1:colcon.colcon_core.package_identification:_identify(src/robosense_description) by extensions ['colcon_meta']
[0.201s] Level 1:colcon.colcon_core.package_identification:_identify(src/robosense_description) by extension 'colcon_meta'
[0.201s] Level 1:colcon.colcon_core.package_identification:_identify(src/robosense_description) by extensions ['ros']
[0.201s] Level 1:colcon.colcon_core.package_identification:_identify(src/robosense_description) by extension 'ros'
[0.204s] DEBUG:colcon.colcon_core.package_identification:Package 'src/robosense_description' with type 'ros.catkin' and name 'robosense_description'
[0.204s] Level 1:colcon.colcon_core.package_identification:_identify(src/robosense_gazebo_plugins) by extensions ['ignore', 'ignore_ament_install']
[0.204s] Level 1:colcon.colcon_core.package_identification:_identify(src/robosense_gazebo_plugins) by extension 'ignore'
[0.204s] Level 1:colcon.colcon_core.package_identification:_identify(src/robosense_gazebo_plugins) by extension 'ignore_ament_install'
[0.204s] Level 1:colcon.colcon_core.package_identification:_identify(src/robosense_gazebo_plugins) by extensions ['colcon_pkg']
[0.204s] Level 1:colcon.colcon_core.package_identification:_identify(src/robosense_gazebo_plugins) by extension 'colcon_pkg'
[0.205s] Level 1:colcon.colcon_core.package_identification:_identify(src/robosense_gazebo_plugins) by extensions ['colcon_meta']
[0.205s] Level 1:colcon.colcon_core.package_identification:_identify(src/robosense_gazebo_plugins) by extension 'colcon_meta'
[0.205s] Level 1:colcon.colcon_core.package_identification:_identify(src/robosense_gazebo_plugins) by extensions ['ros']
[0.205s] Level 1:colcon.colcon_core.package_identification:_identify(src/robosense_gazebo_plugins) by extension 'ros'
[0.205s] DEBUG:colcon.colcon_core.package_identification:Package 'src/robosense_gazebo_plugins' with type 'ros.catkin' and name 'robosense_gazebo_plugins'
[0.205s] Level 1:colcon.colcon_core.package_identification:_identify(src/roboteq_controller) by extensions ['ignore', 'ignore_ament_install']
[0.206s] Level 1:colcon.colcon_core.package_identification:_identify(src/roboteq_controller) by extension 'ignore'
[0.206s] Level 1:colcon.colcon_core.package_identification:_identify(src/roboteq_controller) by extension 'ignore_ament_install'
[0.206s] Level 1:colcon.colcon_core.package_identification:_identify(src/roboteq_controller) by extensions ['colcon_pkg']
[0.206s] Level 1:colcon.colcon_core.package_identification:_identify(src/roboteq_controller) by extension 'colcon_pkg'
[0.206s] Level 1:colcon.colcon_core.package_identification:_identify(src/roboteq_controller) by extensions ['colcon_meta']
[0.206s] Level 1:colcon.colcon_core.package_identification:_identify(src/roboteq_controller) by extension 'colcon_meta'
[0.206s] Level 1:colcon.colcon_core.package_identification:_identify(src/roboteq_controller) by extensions ['ros']
[0.206s] Level 1:colcon.colcon_core.package_identification:_identify(src/roboteq_controller) by extension 'ros'
[0.206s] DEBUG:colcon.colcon_core.package_identification:Package 'src/roboteq_controller' with type 'ros.ament_cmake' and name 'roboteq_controller'
[0.207s] Level 1:colcon.colcon_core.package_identification:_identify(src/serial) by extensions ['ignore', 'ignore_ament_install']
[0.207s] Level 1:colcon.colcon_core.package_identification:_identify(src/serial) by extension 'ignore'
[0.207s] Level 1:colcon.colcon_core.package_identification:_identify(src/serial) by extension 'ignore_ament_install'
[0.207s] Level 1:colcon.colcon_core.package_identification:_identify(src/serial) by extensions ['colcon_pkg']
[0.207s] Level 1:colcon.colcon_core.package_identification:_identify(src/serial) by extension 'colcon_pkg'
[0.207s] Level 1:colcon.colcon_core.package_identification:_identify(src/serial) by extensions ['colcon_meta']
[0.207s] Level 1:colcon.colcon_core.package_identification:_identify(src/serial) by extension 'colcon_meta'
[0.207s] Level 1:colcon.colcon_core.package_identification:_identify(src/serial) by extensions ['ros']
[0.207s] Level 1:colcon.colcon_core.package_identification:_identify(src/serial) by extension 'ros'
[0.207s] DEBUG:colcon.colcon_core.package_identification:Package 'src/serial' with type 'ros.catkin' and name 'serial'
[0.208s] Level 1:colcon.colcon_core.package_identification:_identify(src/smb_description) by extensions ['ignore', 'ignore_ament_install']
[0.208s] Level 1:colcon.colcon_core.package_identification:_identify(src/smb_description) by extension 'ignore'
[0.208s] Level 1:colcon.colcon_core.package_identification:_identify(src/smb_description) by extension 'ignore_ament_install'
[0.208s] Level 1:colcon.colcon_core.package_identification:_identify(src/smb_description) by extensions ['colcon_pkg']
[0.208s] Level 1:colcon.colcon_core.package_identification:_identify(src/smb_description) by extension 'colcon_pkg'
[0.208s] Level 1:colcon.colcon_core.package_identification:_identify(src/smb_description) by extensions ['colcon_meta']
[0.208s] Level 1:colcon.colcon_core.package_identification:_identify(src/smb_description) by extension 'colcon_meta'
[0.208s] Level 1:colcon.colcon_core.package_identification:_identify(src/smb_description) by extensions ['ros']
[0.208s] Level 1:colcon.colcon_core.package_identification:_identify(src/smb_description) by extension 'ros'
[0.209s] DEBUG:colcon.colcon_core.package_identification:Package 'src/smb_description' with type 'ros.catkin' and name 'smb_description'
[0.209s] Level 1:colcon.colcon_core.package_identification:_identify(src/smb_driver) by extensions ['ignore', 'ignore_ament_install']
[0.209s] Level 1:colcon.colcon_core.package_identification:_identify(src/smb_driver) by extension 'ignore'
[0.209s] Level 1:colcon.colcon_core.package_identification:_identify(src/smb_driver) by extension 'ignore_ament_install'
[0.209s] Level 1:colcon.colcon_core.package_identification:_identify(src/smb_driver) by extensions ['colcon_pkg']
[0.209s] Level 1:colcon.colcon_core.package_identification:_identify(src/smb_driver) by extension 'colcon_pkg'
[0.209s] Level 1:colcon.colcon_core.package_identification:_identify(src/smb_driver) by extensions ['colcon_meta']
[0.209s] Level 1:colcon.colcon_core.package_identification:_identify(src/smb_driver) by extension 'colcon_meta'
[0.209s] Level 1:colcon.colcon_core.package_identification:_identify(src/smb_driver) by extensions ['ros']
[0.209s] Level 1:colcon.colcon_core.package_identification:_identify(src/smb_driver) by extension 'ros'
[0.209s] DEBUG:colcon.colcon_core.package_identification:Package 'src/smb_driver' with type 'ros.ament_cmake' and name 'smb_driver'
[0.209s] Level 1:colcon.colcon_core.package_identification:_identify(src/smb_lowlevel_controller) by extensions ['ignore', 'ignore_ament_install']
[0.210s] Level 1:colcon.colcon_core.package_identification:_identify(src/smb_lowlevel_controller) by extension 'ignore'
[0.210s] Level 1:colcon.colcon_core.package_identification:_identify(src/smb_lowlevel_controller) by extension 'ignore_ament_install'
[0.210s] Level 1:colcon.colcon_core.package_identification:_identify(src/smb_lowlevel_controller) by extensions ['colcon_pkg']
[0.210s] Level 1:colcon.colcon_core.package_identification:_identify(src/smb_lowlevel_controller) by extension 'colcon_pkg'
[0.210s] Level 1:colcon.colcon_core.package_identification:_identify(src/smb_lowlevel_controller) by extensions ['colcon_meta']
[0.210s] Level 1:colcon.colcon_core.package_identification:_identify(src/smb_lowlevel_controller) by extension 'colcon_meta'
[0.210s] Level 1:colcon.colcon_core.package_identification:_identify(src/smb_lowlevel_controller) by extensions ['ros']
[0.210s] Level 1:colcon.colcon_core.package_identification:_identify(src/smb_lowlevel_controller) by extension 'ros'
[0.211s] DEBUG:colcon.colcon_core.package_identification:Package 'src/smb_lowlevel_controller' with type 'ros.catkin' and name 'smb_lowlevel_controller'
[0.211s] Level 1:colcon.colcon_core.package_identification:_identify(src/speed_pub) by extensions ['ignore', 'ignore_ament_install']
[0.211s] Level 1:colcon.colcon_core.package_identification:_identify(src/speed_pub) by extension 'ignore'
[0.211s] Level 1:colcon.colcon_core.package_identification:_identify(src/speed_pub) by extension 'ignore_ament_install'
[0.211s] Level 1:colcon.colcon_core.package_identification:_identify(src/speed_pub) by extensions ['colcon_pkg']
[0.211s] Level 1:colcon.colcon_core.package_identification:_identify(src/speed_pub) by extension 'colcon_pkg'
[0.211s] Level 1:colcon.colcon_core.package_identification:_identify(src/speed_pub) by extensions ['colcon_meta']
[0.211s] Level 1:colcon.colcon_core.package_identification:_identify(src/speed_pub) by extension 'colcon_meta'
[0.211s] Level 1:colcon.colcon_core.package_identification:_identify(src/speed_pub) by extensions ['ros']
[0.211s] Level 1:colcon.colcon_core.package_identification:_identify(src/speed_pub) by extension 'ros'
[0.212s] DEBUG:colcon.colcon_core.package_identification:Package 'src/speed_pub' with type 'ros.ament_cmake' and name 'speed_pub'
[0.212s] Level 1:colcon.colcon_core.package_discovery:discover_packages(recursive) using defaults
[0.212s] Level 1:colcon.colcon_core.package_discovery:discover_packages(ignore) discover
[0.212s] Level 1:colcon.colcon_core.package_discovery:discover_packages(ignore) using defaults
[0.212s] Level 1:colcon.colcon_core.package_discovery:discover_packages(path) discover
[0.212s] Level 1:colcon.colcon_core.package_discovery:discover_packages(path) using defaults
[0.234s] INFO:colcon.colcon_core.package_selection:Skipping not selected package 'robosense_description' in 'src/robosense_description'
[0.234s] INFO:colcon.colcon_core.package_selection:Skipping not selected package 'robosense_gazebo_plugins' in 'src/robosense_gazebo_plugins'
[0.234s] INFO:colcon.colcon_core.package_selection:Skipping not selected package 'smb_driver' in 'src/smb_driver'
[0.234s] INFO:colcon.colcon_core.package_selection:Skipping not selected package 'smb_description' in 'src/smb_description'
[0.234s] INFO:colcon.colcon_core.package_selection:Skipping not selected package 'smb_lowlevel_controller' in 'src/smb_lowlevel_controller'
[0.234s] Level 1:colcon.colcon_core.package_discovery:discover_packages(prefix_path) check parameters
[0.234s] Level 1:colcon.colcon_core.package_discovery:discover_packages(prefix_path) discover
[0.238s] DEBUG:colcon.colcon_installed_package_information.package_discovery:Found 285 installed packages in /opt/ros/jazzy
[0.239s] Level 1:colcon.colcon_core.package_discovery:discover_packages(prefix_path) using defaults
[0.284s] Level 5:colcon.colcon_core.verb:set package 'serial' build argument 'cmake_args' from command line to 'None'
[0.284s] Level 5:colcon.colcon_core.verb:set package 'serial' build argument 'cmake_target' from command line to 'None'
[0.284s] Level 5:colcon.colcon_core.verb:set package 'serial' build argument 'cmake_target_skip_unavailable' from command line to 'False'
[0.284s] Level 5:colcon.colcon_core.verb:set package 'serial' build argument 'cmake_clean_cache' from command line to 'False'
[0.284s] Level 5:colcon.colcon_core.verb:set package 'serial' build argument 'cmake_clean_first' from command line to 'False'
[0.285s] Level 5:colcon.colcon_core.verb:set package 'serial' build argument 'cmake_force_configure' from command line to 'False'
[0.285s] Level 5:colcon.colcon_core.verb:set package 'serial' build argument 'ament_cmake_args' from command line to 'None'
[0.285s] Level 5:colcon.colcon_core.verb:set package 'serial' build argument 'catkin_cmake_args' from command line to 'None'
[0.285s] Level 5:colcon.colcon_core.verb:set package 'serial' build argument 'catkin_skip_building_tests' from command line to 'False'
[0.285s] DEBUG:colcon.colcon_core.verb:Building package 'serial' with the following arguments: {'ament_cmake_args': None, 'build_base': '/home/niles/ros2_ws/build/serial', 'catkin_cmake_args': None, 'catkin_skip_building_tests': False, 'cmake_args': None, 'cmake_clean_cache': False, 'cmake_clean_first': False, 'cmake_force_configure': False, 'cmake_target': None, 'cmake_target_skip_unavailable': False, 'install_base': '/home/niles/ros2_ws/install/serial', 'merge_install': False, 'path': '/home/niles/ros2_ws/src/serial', 'symlink_install': False, 'test_result_base': None}
[0.285s] Level 5:colcon.colcon_core.verb:set package 'speed_pub' build argument 'cmake_args' from command line to 'None'
[0.285s] Level 5:colcon.colcon_core.verb:set package 'speed_pub' build argument 'cmake_target' from command line to 'None'
[0.285s] Level 5:colcon.colcon_core.verb:set package 'speed_pub' build argument 'cmake_target_skip_unavailable' from command line to 'False'
[0.285s] Level 5:colcon.colcon_core.verb:set package 'speed_pub' build argument 'cmake_clean_cache' from command line to 'False'
[0.285s] Level 5:colcon.colcon_core.verb:set package 'speed_pub' build argument 'cmake_clean_first' from command line to 'False'
[0.285s] Level 5:colcon.colcon_core.verb:set package 'speed_pub' build argument 'cmake_force_configure' from command line to 'False'
[0.285s] Level 5:colcon.colcon_core.verb:set package 'speed_pub' build argument 'ament_cmake_args' from command line to 'None'
[0.285s] Level 5:colcon.colcon_core.verb:set package 'speed_pub' build argument 'catkin_cmake_args' from command line to 'None'
[0.285s] Level 5:colcon.colcon_core.verb:set package 'speed_pub' build argument 'catkin_skip_building_tests' from command line to 'False'
[0.285s] DEBUG:colcon.colcon_core.verb:Building package 'speed_pub' with the following arguments: {'ament_cmake_args': None, 'build_base': '/home/niles/ros2_ws/build/speed_pub', 'catkin_cmake_args': None, 'catkin_skip_building_tests': False, 'cmake_args': None, 'cmake_clean_cache': False, 'cmake_clean_first': False, 'cmake_force_configure': False, 'cmake_target': None, 'cmake_target_skip_unavailable': False, 'install_base': '/home/niles/ros2_ws/install/speed_pub', 'merge_install': False, 'path': '/home/niles/ros2_ws/src/speed_pub', 'symlink_install': False, 'test_result_base': None}
[0.285s] Level 5:colcon.colcon_core.verb:set package 'roboteq_controller' build argument 'cmake_args' from command line to 'None'
[0.285s] Level 5:colcon.colcon_core.verb:set package 'roboteq_controller' build argument 'cmake_target' from command line to 'None'
[0.285s] Level 5:colcon.colcon_core.verb:set package 'roboteq_controller' build argument 'cmake_target_skip_unavailable' from command line to 'False'
[0.285s] Level 5:colcon.colcon_core.verb:set package 'roboteq_controller' build argument 'cmake_clean_cache' from command line to 'False'
[0.285s] Level 5:colcon.colcon_core.verb:set package 'roboteq_controller' build argument 'cmake_clean_first' from command line to 'False'
[0.285s] Level 5:colcon.colcon_core.verb:set package 'roboteq_controller' build argument 'cmake_force_configure' from command line to 'False'
[0.285s] Level 5:colcon.colcon_core.verb:set package 'roboteq_controller' build argument 'ament_cmake_args' from command line to 'None'
[0.285s] Level 5:colcon.colcon_core.verb:set package 'roboteq_controller' build argument 'catkin_cmake_args' from command line to 'None'
[0.285s] Level 5:colcon.colcon_core.verb:set package 'roboteq_controller' build argument 'catkin_skip_building_tests' from command line to 'False'
[0.286s] DEBUG:colcon.colcon_core.verb:Building package 'roboteq_controller' with the following arguments: {'ament_cmake_args': None, 'build_base': '/home/niles/ros2_ws/build/roboteq_controller', 'catkin_cmake_args': None, 'catkin_skip_building_tests': False, 'cmake_args': None, 'cmake_clean_cache': False, 'cmake_clean_first': False, 'cmake_force_configure': False, 'cmake_target': None, 'cmake_target_skip_unavailable': False, 'install_base': '/home/niles/ros2_ws/install/roboteq_controller', 'merge_install': False, 'path': '/home/niles/ros2_ws/src/roboteq_controller', 'symlink_install': False, 'test_result_base': None}
[0.286s] INFO:colcon.colcon_core.executor:Executing jobs using 'parallel' executor
[0.287s] DEBUG:colcon.colcon_parallel_executor.executor.parallel:run_until_complete
[0.287s] INFO:colcon.colcon_ros.task.catkin.build:Building ROS package in '/home/niles/ros2_ws/src/serial' with build type 'catkin'
[0.287s] INFO:colcon.colcon_cmake.task.cmake.build:Building CMake package in '/home/niles/ros2_ws/src/serial'
[0.290s] INFO:colcon.colcon_core.plugin_system:Skipping extension 'colcon_core.shell.bat': Not used on non-Windows systems
[0.290s] INFO:colcon.colcon_core.shell:Skip shell extension 'powershell' for command environment: Not usable outside of PowerShell
[0.290s] DEBUG:colcon.colcon_core.shell:Skip shell extension 'dsv' for command environment
[0.296s] INFO:colcon.colcon_ros.task.ament_cmake.build:Building ROS package in '/home/niles/ros2_ws/src/speed_pub' with build type 'ament_cmake'
[0.296s] INFO:colcon.colcon_cmake.task.cmake.build:Building CMake package in '/home/niles/ros2_ws/src/speed_pub'
[0.296s] INFO:colcon.colcon_core.shell:Skip shell extension 'powershell' for command environment: Not usable outside of PowerShell
[0.296s] DEBUG:colcon.colcon_core.shell:Skip shell extension 'dsv' for command environment
[0.306s] DEBUG:colcon.colcon_core.event_handler.log_command:Invoking command in '/home/niles/ros2_ws/build/serial': CONDA_PROMPT_MODIFIER=(rss) DEBUGINFOD_URLS=https://debuginfod.ubuntu.com /usr/bin/cmake --build /home/niles/ros2_ws/build/serial -- -j16 -l16
[0.311s] DEBUG:colcon.colcon_core.event_handler.log_command:Invoking command in '/home/niles/ros2_ws/build/speed_pub': CMAKE_PREFIX_PATH=${CMAKE_PREFIX_PATH}:/opt/ros/jazzy CONDA_PROMPT_MODIFIER=(rss) DEBUGINFOD_URLS=https://debuginfod.ubuntu.com /usr/bin/cmake --build /home/niles/ros2_ws/build/speed_pub -- -j16 -l16
[0.411s] DEBUG:colcon.colcon_core.event_handler.log_command:Invoked command in '/home/niles/ros2_ws/build/serial' returned '0': CONDA_PROMPT_MODIFIER=(rss) DEBUGINFOD_URLS=https://debuginfod.ubuntu.com /usr/bin/cmake --build /home/niles/ros2_ws/build/serial -- -j16 -l16
[0.429s] DEBUG:colcon.colcon_core.event_handler.log_command:Invoking command in '/home/niles/ros2_ws/build/serial': CONDA_PROMPT_MODIFIER=(rss) DEBUGINFOD_URLS=https://debuginfod.ubuntu.com /usr/bin/cmake --install /home/niles/ros2_ws/build/serial
[0.446s] DEBUG:colcon.colcon_core.event_handler.log_command:Invoked command in '/home/niles/ros2_ws/build/serial' returned '0': CONDA_PROMPT_MODIFIER=(rss) DEBUGINFOD_URLS=https://debuginfod.ubuntu.com /usr/bin/cmake --install /home/niles/ros2_ws/build/serial
[0.446s] Level 1:colcon.colcon_core.shell:create_environment_hook('serial', 'ros_package_path')
[0.446s] INFO:colcon.colcon_core.shell:Creating environment hook '/home/niles/ros2_ws/install/serial/share/serial/hook/ros_package_path.ps1'
[0.447s] INFO:colcon.colcon_core.shell:Creating environment descriptor '/home/niles/ros2_ws/install/serial/share/serial/hook/ros_package_path.dsv'
[0.448s] INFO:colcon.colcon_core.shell:Creating environment hook '/home/niles/ros2_ws/install/serial/share/serial/hook/ros_package_path.sh'
[0.448s] Level 1:colcon.colcon_core.shell:create_environment_hook('serial', 'pkg_config_path')
[0.449s] INFO:colcon.colcon_core.shell:Creating environment hook '/home/niles/ros2_ws/install/serial/share/serial/hook/pkg_config_path.ps1'
[0.449s] INFO:colcon.colcon_core.shell:Creating environment descriptor '/home/niles/ros2_ws/install/serial/share/serial/hook/pkg_config_path.dsv'
[0.449s] INFO:colcon.colcon_core.shell:Creating environment hook '/home/niles/ros2_ws/install/serial/share/serial/hook/pkg_config_path.sh'
[0.452s] Level 1:colcon.colcon_core.shell:create_environment_hook('serial', 'pkg_config_path_multiarch')
[0.453s] INFO:colcon.colcon_core.shell:Creating environment hook '/home/niles/ros2_ws/install/serial/share/serial/hook/pkg_config_path_multiarch.ps1'
[0.453s] INFO:colcon.colcon_core.shell:Creating environment descriptor '/home/niles/ros2_ws/install/serial/share/serial/hook/pkg_config_path_multiarch.dsv'
[0.454s] INFO:colcon.colcon_core.shell:Creating environment hook '/home/niles/ros2_ws/install/serial/share/serial/hook/pkg_config_path_multiarch.sh'
[0.455s] Level 1:colcon.colcon_core.environment:create_environment_scripts_only(serial)
[0.457s] Level 1:colcon.colcon_core.environment:checking '/home/niles/ros2_ws/install/serial' for CMake module files
[0.458s] Level 1:colcon.colcon_core.environment:checking '/home/niles/ros2_ws/install/serial' for CMake config files
[0.458s] Level 1:colcon.colcon_core.shell:create_environment_hook('serial', 'cmake_prefix_path')
[0.458s] INFO:colcon.colcon_core.shell:Creating environment hook '/home/niles/ros2_ws/install/serial/share/serial/hook/cmake_prefix_path.ps1'
[0.459s] INFO:colcon.colcon_core.shell:Creating environment descriptor '/home/niles/ros2_ws/install/serial/share/serial/hook/cmake_prefix_path.dsv'
[0.459s] INFO:colcon.colcon_core.shell:Creating environment hook '/home/niles/ros2_ws/install/serial/share/serial/hook/cmake_prefix_path.sh'
[0.460s] Level 1:colcon.colcon_core.environment:checking '/home/niles/ros2_ws/install/serial/lib'
[0.460s] Level 1:colcon.colcon_core.environment:checking '/home/niles/ros2_ws/install/serial/bin'
[0.460s] Level 1:colcon.colcon_core.environment:checking '/home/niles/ros2_ws/install/serial/lib/pkgconfig/serial.pc'
[0.461s] Level 1:colcon.colcon_core.environment:checking '/home/niles/ros2_ws/install/serial/lib/python3.12/site-packages'
[0.461s] Level 1:colcon.colcon_core.environment:checking '/home/niles/ros2_ws/install/serial/bin'
[0.461s] INFO:colcon.colcon_core.shell:Creating package script '/home/niles/ros2_ws/install/serial/share/serial/package.ps1'
[0.462s] INFO:colcon.colcon_core.shell:Creating package descriptor '/home/niles/ros2_ws/install/serial/share/serial/package.dsv'
[0.463s] INFO:colcon.colcon_core.shell:Creating package script '/home/niles/ros2_ws/install/serial/share/serial/package.sh'
[0.464s] INFO:colcon.colcon_core.shell:Creating package script '/home/niles/ros2_ws/install/serial/share/serial/package.bash'
[0.464s] INFO:colcon.colcon_core.shell:Creating package script '/home/niles/ros2_ws/install/serial/share/serial/package.zsh'
[0.465s] Level 1:colcon.colcon_core.environment:create_file_with_runtime_dependencies(/home/niles/ros2_ws/install/serial/share/colcon-core/packages/serial)
[0.466s] INFO:colcon.colcon_ros.task.ament_cmake.build:Building ROS package in '/home/niles/ros2_ws/src/roboteq_controller' with build type 'ament_cmake'
[0.466s] INFO:colcon.colcon_cmake.task.cmake.build:Building CMake package in '/home/niles/ros2_ws/src/roboteq_controller'
[0.466s] INFO:colcon.colcon_core.shell:Skip shell extension 'powershell' for command environment: Not usable outside of PowerShell
[0.466s] DEBUG:colcon.colcon_core.shell:Skip shell extension 'dsv' for command environment
[0.482s] DEBUG:colcon.colcon_core.event_handler.log_command:Invoking command in '/home/niles/ros2_ws/build/roboteq_controller': CMAKE_PREFIX_PATH=/opt/ros/jazzy:/home/niles/ros2_ws/install/serial:${CMAKE_PREFIX_PATH} CONDA_PROMPT_MODIFIER=(rss) DEBUGINFOD_URLS=https://debuginfod.ubuntu.com PKG_CONFIG_PATH=/home/niles/ros2_ws/install/serial/lib/x86_64-linux-gnu/pkgconfig:/home/niles/ros2_ws/install/serial/lib/pkgconfig ROS_PACKAGE_PATH=/home/niles/ros2_ws/install/serial/share /usr/bin/cmake --build /home/niles/ros2_ws/build/roboteq_controller -- -j16 -l16
[5.028s] DEBUG:colcon.colcon_core.event_handler.log_command:Invoked command in '/home/niles/ros2_ws/build/speed_pub' returned '2': CMAKE_PREFIX_PATH=${CMAKE_PREFIX_PATH}:/opt/ros/jazzy CONDA_PROMPT_MODIFIER=(rss) DEBUGINFOD_URLS=https://debuginfod.ubuntu.com /usr/bin/cmake --build /home/niles/ros2_ws/build/speed_pub -- -j16 -l16
[5.029s] Level 1:colcon.colcon_core.environment:create_environment_scripts_only(speed_pub)
[5.029s] Level 1:colcon.colcon_core.environment:checking '/home/niles/ros2_ws/install/speed_pub' for CMake module files
[5.029s] Level 1:colcon.colcon_core.environment:checking '/home/niles/ros2_ws/install/speed_pub' for CMake config files
[5.029s] Level 1:colcon.colcon_core.shell:create_environment_hook('speed_pub', 'cmake_prefix_path')
[5.029s] INFO:colcon.colcon_core.shell:Creating environment hook '/home/niles/ros2_ws/install/speed_pub/share/speed_pub/hook/cmake_prefix_path.ps1'
[5.030s] INFO:colcon.colcon_core.shell:Creating environment descriptor '/home/niles/ros2_ws/install/speed_pub/share/speed_pub/hook/cmake_prefix_path.dsv'
[5.030s] INFO:colcon.colcon_core.shell:Creating environment hook '/home/niles/ros2_ws/install/speed_pub/share/speed_pub/hook/cmake_prefix_path.sh'
[5.030s] Level 1:colcon.colcon_core.environment:checking '/home/niles/ros2_ws/install/speed_pub/lib'
[5.030s] Level 1:colcon.colcon_core.environment:checking '/home/niles/ros2_ws/install/speed_pub/bin'
[5.030s] Level 1:colcon.colcon_core.environment:checking '/home/niles/ros2_ws/install/speed_pub/lib/pkgconfig/speed_pub.pc'
[5.031s] Level 1:colcon.colcon_core.environment:checking '/home/niles/ros2_ws/install/speed_pub/lib/python3.12/site-packages'
[5.031s] Level 1:colcon.colcon_core.environment:checking '/home/niles/ros2_ws/install/speed_pub/bin'
[5.031s] INFO:colcon.colcon_core.shell:Creating package script '/home/niles/ros2_ws/install/speed_pub/share/speed_pub/package.ps1'
[5.031s] INFO:colcon.colcon_core.shell:Creating package descriptor '/home/niles/ros2_ws/install/speed_pub/share/speed_pub/package.dsv'
[5.031s] INFO:colcon.colcon_core.shell:Creating package script '/home/niles/ros2_ws/install/speed_pub/share/speed_pub/package.sh'
[5.032s] INFO:colcon.colcon_core.shell:Creating package script '/home/niles/ros2_ws/install/speed_pub/share/speed_pub/package.bash'
[5.032s] INFO:colcon.colcon_core.shell:Creating package script '/home/niles/ros2_ws/install/speed_pub/share/speed_pub/package.zsh'
[5.032s] Level 1:colcon.colcon_core.environment:create_file_with_runtime_dependencies(/home/niles/ros2_ws/install/speed_pub/share/colcon-core/packages/speed_pub)
[5.102s] DEBUG:colcon.colcon_parallel_executor.executor.parallel:closing loop
[5.103s] DEBUG:colcon.colcon_parallel_executor.executor.parallel:loop closed
[5.103s] DEBUG:colcon.colcon_parallel_executor.executor.parallel:run_until_complete finished with '2'
[5.103s] DEBUG:colcon.colcon_core.event_reactor:joining thread
[5.107s] INFO:colcon.colcon_core.plugin_system:Skipping extension 'colcon_notification.desktop_notification.terminal_notifier': Not used on non-Darwin systems
[5.107s] INFO:colcon.colcon_core.plugin_system:Skipping extension 'colcon_notification.desktop_notification.win32': Not used on non-Windows systems
[5.107s] INFO:colcon.colcon_notification.desktop_notification:Sending desktop notification using 'notify2'
[5.118s] DEBUG:colcon.colcon_core.event_reactor:joined thread
[5.118s] INFO:colcon.colcon_core.shell:Creating prefix script '/home/niles/ros2_ws/install/local_setup.ps1'
[5.119s] INFO:colcon.colcon_core.shell:Creating prefix util module '/home/niles/ros2_ws/install/_local_setup_util_ps1.py'
[5.120s] INFO:colcon.colcon_core.shell:Creating prefix chain script '/home/niles/ros2_ws/install/setup.ps1'
[5.120s] INFO:colcon.colcon_core.shell:Creating prefix script '/home/niles/ros2_ws/install/local_setup.sh'
[5.121s] INFO:colcon.colcon_core.shell:Creating prefix util module '/home/niles/ros2_ws/install/_local_setup_util_sh.py'
[5.121s] INFO:colcon.colcon_core.shell:Creating prefix chain script '/home/niles/ros2_ws/install/setup.sh'
[5.121s] INFO:colcon.colcon_core.shell:Creating prefix script '/home/niles/ros2_ws/install/local_setup.bash'
[5.122s] INFO:colcon.colcon_core.shell:Creating prefix chain script '/home/niles/ros2_ws/install/setup.bash'
[5.122s] INFO:colcon.colcon_core.shell:Creating prefix script '/home/niles/ros2_ws/install/local_setup.zsh'
[5.123s] INFO:colcon.colcon_core.shell:Creating prefix chain script '/home/niles/ros2_ws/install/setup.zsh'
