[0.009s] Invoking command in '/home/niles/ros2_ws/build/serial': CONDA_PROMPT_MODIFIER=(rss) DEBUGINFOD_URLS=https://debuginfod.ubuntu.com /usr/bin/cmake /home/niles/ros2_ws/src/serial -DCATKIN_INSTALL_INTO_PREFIX_ROOT=0 -DCMAKE_INSTALL_PREFIX=/home/niles/ros2_ws/install/serial
[0.051s] -- The C compiler identification is GNU 13.3.0
[0.093s] -- The CXX compiler identification is GNU 13.3.0
[0.109s] -- Detecting C compiler ABI info
[0.177s] -- Detecting C compiler ABI info - done
[0.182s] -- Check for working C compiler: /usr/bin/cc - skipped
[0.182s] -- Detecting C compile features
[0.182s] -- Detecting C compile features - done
[0.190s] -- Detecting CXX compiler ABI info
[0.272s] -- Detecting CXX compiler ABI info - done
[0.279s] -- Check for working CXX compiler: /usr/bin/c++ - skipped
[0.279s] -- Detecting CXX compile features
[0.279s] -- Detecting CXX compile features - done
[0.281s] -- Found ament_cmake: 2.5.3 (/opt/ros/jazzy/share/ament_cmake/cmake)
[0.361s] -- Found Python3: /home/niles/miniforge3/envs/rss/bin/python3 (found version "3.13.2") found components: Interpreter 
[0.486s] -- Configuring done (0.5s)
[0.489s] -- Generating done (0.0s)
[0.490s] [33mCMake Warning:
[0.490s]   Manually-specified variables were not used by the project:
[0.490s] 
[0.490s]     CATKIN_INSTALL_INTO_PREFIX_ROOT
[0.490s] 
[0.490s] [0m
[0.491s] -- Build files have been written to: /home/niles/ros2_ws/build/serial
[0.496s] Invoked command in '/home/niles/ros2_ws/build/serial' returned '0': CONDA_PROMPT_MODIFIER=(rss) DEBUGINFOD_URLS=https://debuginfod.ubuntu.com /usr/bin/cmake /home/niles/ros2_ws/src/serial -DCATKIN_INSTALL_INTO_PREFIX_ROOT=0 -DCMAKE_INSTALL_PREFIX=/home/niles/ros2_ws/install/serial
[0.497s] Invoking command in '/home/niles/ros2_ws/build/serial': CONDA_PROMPT_MODIFIER=(rss) DEBUGINFOD_URLS=https://debuginfod.ubuntu.com /usr/bin/cmake --build /home/niles/ros2_ws/build/serial -- -j16 -l16
[0.545s] [ 75%] [32mBuilding CXX object CMakeFiles/serial.dir/src/impl/list_ports/list_ports_linux.cc.o[0m
[0.545s] [ 75%] [32mBuilding CXX object CMakeFiles/serial.dir/src/serial.cc.o[0m
[0.545s] [ 75%] [32mBuilding CXX object CMakeFiles/serial.dir/src/impl/unix.cc.o[0m
[0.847s] [100%] [32m[1mLinking CXX static library libserial.a[0m
[0.877s] [100%] Built target serial
[0.887s] Invoked command in '/home/niles/ros2_ws/build/serial' returned '0': CONDA_PROMPT_MODIFIER=(rss) DEBUGINFOD_URLS=https://debuginfod.ubuntu.com /usr/bin/cmake --build /home/niles/ros2_ws/build/serial -- -j16 -l16
[0.896s] Invoking command in '/home/niles/ros2_ws/build/serial': CONDA_PROMPT_MODIFIER=(rss) DEBUGINFOD_URLS=https://debuginfod.ubuntu.com /usr/bin/cmake --install /home/niles/ros2_ws/build/serial
[0.904s] -- Install configuration: ""
[0.904s] -- Installing: /home/niles/ros2_ws/install/serial/lib/libserial.a
[0.904s] -- Installing: /home/niles/ros2_ws/install/serial/include/serial/serial.h
[0.905s] -- Installing: /home/niles/ros2_ws/install/serial/include/serial/v8stdint.h
[0.905s] -- Installing: /home/niles/ros2_ws/install/serial/share/serial/environment/library_path.sh
[0.905s] -- Installing: /home/niles/ros2_ws/install/serial/share/serial/environment/library_path.dsv
[0.905s] -- Installing: /home/niles/ros2_ws/install/serial/share/ament_index/resource_index/package_run_dependencies/serial
[0.905s] -- Installing: /home/niles/ros2_ws/install/serial/share/ament_index/resource_index/parent_prefix_path/serial
[0.905s] -- Installing: /home/niles/ros2_ws/install/serial/share/serial/environment/ament_prefix_path.sh
[0.905s] -- Installing: /home/niles/ros2_ws/install/serial/share/serial/environment/ament_prefix_path.dsv
[0.905s] -- Installing: /home/niles/ros2_ws/install/serial/share/serial/environment/path.sh
[0.905s] -- Installing: /home/niles/ros2_ws/install/serial/share/serial/environment/path.dsv
[0.905s] -- Installing: /home/niles/ros2_ws/install/serial/share/serial/local_setup.bash
[0.906s] -- Installing: /home/niles/ros2_ws/install/serial/share/serial/local_setup.sh
[0.906s] -- Installing: /home/niles/ros2_ws/install/serial/share/serial/local_setup.zsh
[0.906s] -- Installing: /home/niles/ros2_ws/install/serial/share/serial/local_setup.dsv
[0.906s] -- Installing: /home/niles/ros2_ws/install/serial/share/serial/package.dsv
[0.906s] -- Installing: /home/niles/ros2_ws/install/serial/share/ament_index/resource_index/packages/serial
[0.906s] -- Installing: /home/niles/ros2_ws/install/serial/share/serial/cmake/ament_cmake_export_include_directories-extras.cmake
[0.906s] -- Installing: /home/niles/ros2_ws/install/serial/share/serial/cmake/ament_cmake_export_libraries-extras.cmake
[0.906s] -- Installing: /home/niles/ros2_ws/install/serial/share/serial/cmake/serialConfig.cmake
[0.906s] -- Installing: /home/niles/ros2_ws/install/serial/share/serial/cmake/serialConfig-version.cmake
[0.906s] -- Installing: /home/niles/ros2_ws/install/serial/share/serial/package.xml
[0.908s] Invoked command in '/home/niles/ros2_ws/build/serial' returned '0': CONDA_PROMPT_MODIFIER=(rss) DEBUGINFOD_URLS=https://debuginfod.ubuntu.com /usr/bin/cmake --install /home/niles/ros2_ws/build/serial
