[0.125s] DEBUG:colcon:Command line arguments: ['/usr/bin/colcon', 'build', '--packages-select', 'roboteq_controller', 'serial', 'speed_pub']
[0.125s] DEBUG:colcon:Parsed command line arguments: Namespace(log_base=None, log_level=None, verb_name='build', build_base='build', install_base='install', merge_install=False, symlink_install=False, test_result_base=None, continue_on_error=False, executor='parallel', parallel_workers=16, event_handlers=None, ignore_user_meta=False, metas=['./colcon.meta'], base_paths=['.'], packages_ignore=None, packages_ignore_regex=None, paths=None, packages_up_to=None, packages_up_to_regex=None, packages_above=None, packages_above_and_dependencies=None, packages_above_depth=None, packages_select_by_dep=None, packages_skip_by_dep=None, packages_skip_up_to=None, packages_select_build_failed=False, packages_skip_build_finished=False, packages_select_test_failures=False, packages_skip_test_passed=False, packages_select=['roboteq_controller', 'serial', 'speed_pub'], packages_skip=None, packages_select_regex=None, packages_skip_regex=None, packages_start=None, packages_end=None, allow_overriding=[], cmake_args=None, cmake_target=None, cmake_target_skip_unavailable=False, cmake_clean_cache=False, cmake_clean_first=False, cmake_force_configure=False, ament_cmake_args=None, catkin_cmake_args=None, catkin_skip_building_tests=False, mixin_files=None, mixin=None, verb_parser=<colcon_mixin.mixin.mixin_argument.MixinArgumentDecorator object at 0x7ca7b1c983b0>, verb_extension=<colcon_core.verb.build.BuildVerb object at 0x7ca7b1c98050>, main=<bound method BuildVerb.main of <colcon_core.verb.build.BuildVerb object at 0x7ca7b1c98050>>, mixin_verb=('build',))
[0.175s] Level 1:colcon.colcon_core.package_discovery:discover_packages(colcon_meta) check parameters
[0.175s] Level 1:colcon.colcon_core.package_discovery:discover_packages(recursive) check parameters
[0.175s] Level 1:colcon.colcon_core.package_discovery:discover_packages(ignore) check parameters
[0.175s] Level 1:colcon.colcon_core.package_discovery:discover_packages(path) check parameters
[0.175s] Level 1:colcon.colcon_core.package_discovery:discover_packages(colcon_meta) discover
[0.175s] Level 1:colcon.colcon_core.package_discovery:discover_packages(recursive) discover
[0.175s] INFO:colcon.colcon_core.package_discovery:Crawling recursively for packages in '/home/niles/ros2_ws'
[0.175s] Level 1:colcon.colcon_core.package_identification:_identify(.) by extensions ['ignore', 'ignore_ament_install']
[0.175s] Level 1:colcon.colcon_core.package_identification:_identify(.) by extension 'ignore'
[0.175s] Level 1:colcon.colcon_core.package_identification:_identify(.) by extension 'ignore_ament_install'
[0.175s] Level 1:colcon.colcon_core.package_identification:_identify(.) by extensions ['colcon_pkg']
[0.175s] Level 1:colcon.colcon_core.package_identification:_identify(.) by extension 'colcon_pkg'
[0.176s] Level 1:colcon.colcon_core.package_identification:_identify(.) by extensions ['colcon_meta']
[0.176s] Level 1:colcon.colcon_core.package_identification:_identify(.) by extension 'colcon_meta'
[0.176s] Level 1:colcon.colcon_core.package_identification:_identify(.) by extensions ['ros']
[0.176s] Level 1:colcon.colcon_core.package_identification:_identify(.) by extension 'ros'
[0.208s] Level 1:colcon.colcon_core.package_identification:_identify(.) by extensions ['cmake', 'python']
[0.208s] Level 1:colcon.colcon_core.package_identification:_identify(.) by extension 'cmake'
[0.209s] Level 1:colcon.colcon_core.package_identification:_identify(.) by extension 'python'
[0.209s] Level 1:colcon.colcon_core.package_identification:_identify(.) by extensions ['python_setup_py']
[0.209s] Level 1:colcon.colcon_core.package_identification:_identify(.) by extension 'python_setup_py'
[0.209s] Level 1:colcon.colcon_core.package_identification:_identify(build) by extensions ['ignore', 'ignore_ament_install']
[0.209s] Level 1:colcon.colcon_core.package_identification:_identify(build) by extension 'ignore'
[0.209s] Level 1:colcon.colcon_core.package_identification:_identify(build) ignored
[0.209s] Level 1:colcon.colcon_core.package_identification:_identify(install) by extensions ['ignore', 'ignore_ament_install']
[0.209s] Level 1:colcon.colcon_core.package_identification:_identify(install) by extension 'ignore'
[0.209s] Level 1:colcon.colcon_core.package_identification:_identify(install) ignored
[0.209s] Level 1:colcon.colcon_core.package_identification:_identify(log) by extensions ['ignore', 'ignore_ament_install']
[0.209s] Level 1:colcon.colcon_core.package_identification:_identify(log) by extension 'ignore'
[0.210s] Level 1:colcon.colcon_core.package_identification:_identify(log) ignored
[0.210s] Level 1:colcon.colcon_core.package_identification:_identify(src) by extensions ['ignore', 'ignore_ament_install']
[0.210s] Level 1:colcon.colcon_core.package_identification:_identify(src) by extension 'ignore'
[0.210s] Level 1:colcon.colcon_core.package_identification:_identify(src) by extension 'ignore_ament_install'
[0.210s] Level 1:colcon.colcon_core.package_identification:_identify(src) by extensions ['colcon_pkg']
[0.210s] Level 1:colcon.colcon_core.package_identification:_identify(src) by extension 'colcon_pkg'
[0.210s] Level 1:colcon.colcon_core.package_identification:_identify(src) by extensions ['colcon_meta']
[0.210s] Level 1:colcon.colcon_core.package_identification:_identify(src) by extension 'colcon_meta'
[0.210s] Level 1:colcon.colcon_core.package_identification:_identify(src) by extensions ['ros']
[0.210s] Level 1:colcon.colcon_core.package_identification:_identify(src) by extension 'ros'
[0.210s] Level 1:colcon.colcon_core.package_identification:_identify(src) by extensions ['cmake', 'python']
[0.210s] Level 1:colcon.colcon_core.package_identification:_identify(src) by extension 'cmake'
[0.210s] Level 1:colcon.colcon_core.package_identification:_identify(src) by extension 'python'
[0.210s] Level 1:colcon.colcon_core.package_identification:_identify(src) by extensions ['python_setup_py']
[0.210s] Level 1:colcon.colcon_core.package_identification:_identify(src) by extension 'python_setup_py'
[0.210s] Level 1:colcon.colcon_core.package_identification:_identify(src/robosense_description) by extensions ['ignore', 'ignore_ament_install']
[0.210s] Level 1:colcon.colcon_core.package_identification:_identify(src/robosense_description) by extension 'ignore'
[0.210s] Level 1:colcon.colcon_core.package_identification:_identify(src/robosense_description) by extension 'ignore_ament_install'
[0.210s] Level 1:colcon.colcon_core.package_identification:_identify(src/robosense_description) by extensions ['colcon_pkg']
[0.210s] Level 1:colcon.colcon_core.package_identification:_identify(src/robosense_description) by extension 'colcon_pkg'
[0.210s] Level 1:colcon.colcon_core.package_identification:_identify(src/robosense_description) by extensions ['colcon_meta']
[0.211s] Level 1:colcon.colcon_core.package_identification:_identify(src/robosense_description) by extension 'colcon_meta'
[0.211s] Level 1:colcon.colcon_core.package_identification:_identify(src/robosense_description) by extensions ['ros']
[0.211s] Level 1:colcon.colcon_core.package_identification:_identify(src/robosense_description) by extension 'ros'
[0.214s] DEBUG:colcon.colcon_core.package_identification:Package 'src/robosense_description' with type 'ros.catkin' and name 'robosense_description'
[0.214s] Level 1:colcon.colcon_core.package_identification:_identify(src/robosense_gazebo_plugins) by extensions ['ignore', 'ignore_ament_install']
[0.214s] Level 1:colcon.colcon_core.package_identification:_identify(src/robosense_gazebo_plugins) by extension 'ignore'
[0.214s] Level 1:colcon.colcon_core.package_identification:_identify(src/robosense_gazebo_plugins) by extension 'ignore_ament_install'
[0.214s] Level 1:colcon.colcon_core.package_identification:_identify(src/robosense_gazebo_plugins) by extensions ['colcon_pkg']
[0.214s] Level 1:colcon.colcon_core.package_identification:_identify(src/robosense_gazebo_plugins) by extension 'colcon_pkg'
[0.214s] Level 1:colcon.colcon_core.package_identification:_identify(src/robosense_gazebo_plugins) by extensions ['colcon_meta']
[0.214s] Level 1:colcon.colcon_core.package_identification:_identify(src/robosense_gazebo_plugins) by extension 'colcon_meta'
[0.214s] Level 1:colcon.colcon_core.package_identification:_identify(src/robosense_gazebo_plugins) by extensions ['ros']
[0.214s] Level 1:colcon.colcon_core.package_identification:_identify(src/robosense_gazebo_plugins) by extension 'ros'
[0.215s] DEBUG:colcon.colcon_core.package_identification:Package 'src/robosense_gazebo_plugins' with type 'ros.catkin' and name 'robosense_gazebo_plugins'
[0.215s] Level 1:colcon.colcon_core.package_identification:_identify(src/roboteq_controller) by extensions ['ignore', 'ignore_ament_install']
[0.215s] Level 1:colcon.colcon_core.package_identification:_identify(src/roboteq_controller) by extension 'ignore'
[0.215s] Level 1:colcon.colcon_core.package_identification:_identify(src/roboteq_controller) by extension 'ignore_ament_install'
[0.215s] Level 1:colcon.colcon_core.package_identification:_identify(src/roboteq_controller) by extensions ['colcon_pkg']
[0.215s] Level 1:colcon.colcon_core.package_identification:_identify(src/roboteq_controller) by extension 'colcon_pkg'
[0.215s] Level 1:colcon.colcon_core.package_identification:_identify(src/roboteq_controller) by extensions ['colcon_meta']
[0.215s] Level 1:colcon.colcon_core.package_identification:_identify(src/roboteq_controller) by extension 'colcon_meta'
[0.215s] Level 1:colcon.colcon_core.package_identification:_identify(src/roboteq_controller) by extensions ['ros']
[0.215s] Level 1:colcon.colcon_core.package_identification:_identify(src/roboteq_controller) by extension 'ros'
[0.216s] DEBUG:colcon.colcon_core.package_identification:Package 'src/roboteq_controller' with type 'ros.ament_cmake' and name 'roboteq_controller'
[0.216s] Level 1:colcon.colcon_core.package_identification:_identify(src/serial) by extensions ['ignore', 'ignore_ament_install']
[0.216s] Level 1:colcon.colcon_core.package_identification:_identify(src/serial) by extension 'ignore'
[0.216s] Level 1:colcon.colcon_core.package_identification:_identify(src/serial) by extension 'ignore_ament_install'
[0.216s] Level 1:colcon.colcon_core.package_identification:_identify(src/serial) by extensions ['colcon_pkg']
[0.216s] Level 1:colcon.colcon_core.package_identification:_identify(src/serial) by extension 'colcon_pkg'
[0.216s] Level 1:colcon.colcon_core.package_identification:_identify(src/serial) by extensions ['colcon_meta']
[0.216s] Level 1:colcon.colcon_core.package_identification:_identify(src/serial) by extension 'colcon_meta'
[0.216s] Level 1:colcon.colcon_core.package_identification:_identify(src/serial) by extensions ['ros']
[0.217s] Level 1:colcon.colcon_core.package_identification:_identify(src/serial) by extension 'ros'
[0.217s] DEBUG:colcon.colcon_core.package_identification:Package 'src/serial' with type 'ros.catkin' and name 'serial'
[0.217s] Level 1:colcon.colcon_core.package_identification:_identify(src/smb_description) by extensions ['ignore', 'ignore_ament_install']
[0.217s] Level 1:colcon.colcon_core.package_identification:_identify(src/smb_description) by extension 'ignore'
[0.217s] Level 1:colcon.colcon_core.package_identification:_identify(src/smb_description) by extension 'ignore_ament_install'
[0.217s] Level 1:colcon.colcon_core.package_identification:_identify(src/smb_description) by extensions ['colcon_pkg']
[0.217s] Level 1:colcon.colcon_core.package_identification:_identify(src/smb_description) by extension 'colcon_pkg'
[0.217s] Level 1:colcon.colcon_core.package_identification:_identify(src/smb_description) by extensions ['colcon_meta']
[0.218s] Level 1:colcon.colcon_core.package_identification:_identify(src/smb_description) by extension 'colcon_meta'
[0.218s] Level 1:colcon.colcon_core.package_identification:_identify(src/smb_description) by extensions ['ros']
[0.218s] Level 1:colcon.colcon_core.package_identification:_identify(src/smb_description) by extension 'ros'
[0.218s] DEBUG:colcon.colcon_core.package_identification:Package 'src/smb_description' with type 'ros.catkin' and name 'smb_description'
[0.218s] Level 1:colcon.colcon_core.package_identification:_identify(src/smb_driver) by extensions ['ignore', 'ignore_ament_install']
[0.218s] Level 1:colcon.colcon_core.package_identification:_identify(src/smb_driver) by extension 'ignore'
[0.219s] Level 1:colcon.colcon_core.package_identification:_identify(src/smb_driver) by extension 'ignore_ament_install'
[0.219s] Level 1:colcon.colcon_core.package_identification:_identify(src/smb_driver) by extensions ['colcon_pkg']
[0.219s] Level 1:colcon.colcon_core.package_identification:_identify(src/smb_driver) by extension 'colcon_pkg'
[0.219s] Level 1:colcon.colcon_core.package_identification:_identify(src/smb_driver) by extensions ['colcon_meta']
[0.219s] Level 1:colcon.colcon_core.package_identification:_identify(src/smb_driver) by extension 'colcon_meta'
[0.219s] Level 1:colcon.colcon_core.package_identification:_identify(src/smb_driver) by extensions ['ros']
[0.219s] Level 1:colcon.colcon_core.package_identification:_identify(src/smb_driver) by extension 'ros'
[0.219s] DEBUG:colcon.colcon_core.package_identification:Package 'src/smb_driver' with type 'ros.ament_cmake' and name 'smb_driver'
[0.219s] Level 1:colcon.colcon_core.package_identification:_identify(src/smb_lowlevel_controller) by extensions ['ignore', 'ignore_ament_install']
[0.219s] Level 1:colcon.colcon_core.package_identification:_identify(src/smb_lowlevel_controller) by extension 'ignore'
[0.219s] Level 1:colcon.colcon_core.package_identification:_identify(src/smb_lowlevel_controller) by extension 'ignore_ament_install'
[0.220s] Level 1:colcon.colcon_core.package_identification:_identify(src/smb_lowlevel_controller) by extensions ['colcon_pkg']
[0.220s] Level 1:colcon.colcon_core.package_identification:_identify(src/smb_lowlevel_controller) by extension 'colcon_pkg'
[0.220s] Level 1:colcon.colcon_core.package_identification:_identify(src/smb_lowlevel_controller) by extensions ['colcon_meta']
[0.220s] Level 1:colcon.colcon_core.package_identification:_identify(src/smb_lowlevel_controller) by extension 'colcon_meta'
[0.220s] Level 1:colcon.colcon_core.package_identification:_identify(src/smb_lowlevel_controller) by extensions ['ros']
[0.220s] Level 1:colcon.colcon_core.package_identification:_identify(src/smb_lowlevel_controller) by extension 'ros'
[0.221s] DEBUG:colcon.colcon_core.package_identification:Package 'src/smb_lowlevel_controller' with type 'ros.catkin' and name 'smb_lowlevel_controller'
[0.221s] Level 1:colcon.colcon_core.package_identification:_identify(src/speed_pub) by extensions ['ignore', 'ignore_ament_install']
[0.221s] Level 1:colcon.colcon_core.package_identification:_identify(src/speed_pub) by extension 'ignore'
[0.221s] Level 1:colcon.colcon_core.package_identification:_identify(src/speed_pub) by extension 'ignore_ament_install'
[0.221s] Level 1:colcon.colcon_core.package_identification:_identify(src/speed_pub) by extensions ['colcon_pkg']
[0.221s] Level 1:colcon.colcon_core.package_identification:_identify(src/speed_pub) by extension 'colcon_pkg'
[0.221s] Level 1:colcon.colcon_core.package_identification:_identify(src/speed_pub) by extensions ['colcon_meta']
[0.221s] Level 1:colcon.colcon_core.package_identification:_identify(src/speed_pub) by extension 'colcon_meta'
[0.221s] Level 1:colcon.colcon_core.package_identification:_identify(src/speed_pub) by extensions ['ros']
[0.221s] Level 1:colcon.colcon_core.package_identification:_identify(src/speed_pub) by extension 'ros'
[0.222s] DEBUG:colcon.colcon_core.package_identification:Package 'src/speed_pub' with type 'ros.ament_cmake' and name 'speed_pub'
[0.222s] Level 1:colcon.colcon_core.package_discovery:discover_packages(recursive) using defaults
[0.222s] Level 1:colcon.colcon_core.package_discovery:discover_packages(ignore) discover
[0.222s] Level 1:colcon.colcon_core.package_discovery:discover_packages(ignore) using defaults
[0.222s] Level 1:colcon.colcon_core.package_discovery:discover_packages(path) discover
[0.222s] Level 1:colcon.colcon_core.package_discovery:discover_packages(path) using defaults
[0.247s] INFO:colcon.colcon_core.package_selection:Skipping not selected package 'robosense_description' in 'src/robosense_description'
[0.248s] INFO:colcon.colcon_core.package_selection:Skipping not selected package 'robosense_gazebo_plugins' in 'src/robosense_gazebo_plugins'
[0.248s] INFO:colcon.colcon_core.package_selection:Skipping not selected package 'smb_driver' in 'src/smb_driver'
[0.248s] INFO:colcon.colcon_core.package_selection:Skipping not selected package 'smb_description' in 'src/smb_description'
[0.248s] INFO:colcon.colcon_core.package_selection:Skipping not selected package 'smb_lowlevel_controller' in 'src/smb_lowlevel_controller'
[0.248s] Level 1:colcon.colcon_core.package_discovery:discover_packages(prefix_path) check parameters
[0.248s] Level 1:colcon.colcon_core.package_discovery:discover_packages(prefix_path) discover
[0.252s] DEBUG:colcon.colcon_installed_package_information.package_discovery:Found 361 installed packages in /opt/ros/jazzy
[0.255s] Level 1:colcon.colcon_core.package_discovery:discover_packages(prefix_path) using defaults
[0.310s] Level 5:colcon.colcon_core.verb:set package 'serial' build argument 'cmake_args' from command line to 'None'
[0.310s] Level 5:colcon.colcon_core.verb:set package 'serial' build argument 'cmake_target' from command line to 'None'
[0.310s] Level 5:colcon.colcon_core.verb:set package 'serial' build argument 'cmake_target_skip_unavailable' from command line to 'False'
[0.310s] Level 5:colcon.colcon_core.verb:set package 'serial' build argument 'cmake_clean_cache' from command line to 'False'
[0.310s] Level 5:colcon.colcon_core.verb:set package 'serial' build argument 'cmake_clean_first' from command line to 'False'
[0.310s] Level 5:colcon.colcon_core.verb:set package 'serial' build argument 'cmake_force_configure' from command line to 'False'
[0.310s] Level 5:colcon.colcon_core.verb:set package 'serial' build argument 'ament_cmake_args' from command line to 'None'
[0.310s] Level 5:colcon.colcon_core.verb:set package 'serial' build argument 'catkin_cmake_args' from command line to 'None'
[0.310s] Level 5:colcon.colcon_core.verb:set package 'serial' build argument 'catkin_skip_building_tests' from command line to 'False'
[0.310s] DEBUG:colcon.colcon_core.verb:Building package 'serial' with the following arguments: {'ament_cmake_args': None, 'build_base': '/home/niles/ros2_ws/build/serial', 'catkin_cmake_args': None, 'catkin_skip_building_tests': False, 'cmake_args': None, 'cmake_clean_cache': False, 'cmake_clean_first': False, 'cmake_force_configure': False, 'cmake_target': None, 'cmake_target_skip_unavailable': False, 'install_base': '/home/niles/ros2_ws/install/serial', 'merge_install': False, 'path': '/home/niles/ros2_ws/src/serial', 'symlink_install': False, 'test_result_base': None}
[0.310s] Level 5:colcon.colcon_core.verb:set package 'speed_pub' build argument 'cmake_args' from command line to 'None'
[0.310s] Level 5:colcon.colcon_core.verb:set package 'speed_pub' build argument 'cmake_target' from command line to 'None'
[0.310s] Level 5:colcon.colcon_core.verb:set package 'speed_pub' build argument 'cmake_target_skip_unavailable' from command line to 'False'
[0.310s] Level 5:colcon.colcon_core.verb:set package 'speed_pub' build argument 'cmake_clean_cache' from command line to 'False'
[0.310s] Level 5:colcon.colcon_core.verb:set package 'speed_pub' build argument 'cmake_clean_first' from command line to 'False'
[0.310s] Level 5:colcon.colcon_core.verb:set package 'speed_pub' build argument 'cmake_force_configure' from command line to 'False'
[0.310s] Level 5:colcon.colcon_core.verb:set package 'speed_pub' build argument 'ament_cmake_args' from command line to 'None'
[0.311s] Level 5:colcon.colcon_core.verb:set package 'speed_pub' build argument 'catkin_cmake_args' from command line to 'None'
[0.311s] Level 5:colcon.colcon_core.verb:set package 'speed_pub' build argument 'catkin_skip_building_tests' from command line to 'False'
[0.311s] DEBUG:colcon.colcon_core.verb:Building package 'speed_pub' with the following arguments: {'ament_cmake_args': None, 'build_base': '/home/niles/ros2_ws/build/speed_pub', 'catkin_cmake_args': None, 'catkin_skip_building_tests': False, 'cmake_args': None, 'cmake_clean_cache': False, 'cmake_clean_first': False, 'cmake_force_configure': False, 'cmake_target': None, 'cmake_target_skip_unavailable': False, 'install_base': '/home/niles/ros2_ws/install/speed_pub', 'merge_install': False, 'path': '/home/niles/ros2_ws/src/speed_pub', 'symlink_install': False, 'test_result_base': None}
[0.311s] Level 5:colcon.colcon_core.verb:set package 'roboteq_controller' build argument 'cmake_args' from command line to 'None'
[0.311s] Level 5:colcon.colcon_core.verb:set package 'roboteq_controller' build argument 'cmake_target' from command line to 'None'
[0.311s] Level 5:colcon.colcon_core.verb:set package 'roboteq_controller' build argument 'cmake_target_skip_unavailable' from command line to 'False'
[0.311s] Level 5:colcon.colcon_core.verb:set package 'roboteq_controller' build argument 'cmake_clean_cache' from command line to 'False'
[0.311s] Level 5:colcon.colcon_core.verb:set package 'roboteq_controller' build argument 'cmake_clean_first' from command line to 'False'
[0.311s] Level 5:colcon.colcon_core.verb:set package 'roboteq_controller' build argument 'cmake_force_configure' from command line to 'False'
[0.311s] Level 5:colcon.colcon_core.verb:set package 'roboteq_controller' build argument 'ament_cmake_args' from command line to 'None'
[0.311s] Level 5:colcon.colcon_core.verb:set package 'roboteq_controller' build argument 'catkin_cmake_args' from command line to 'None'
[0.311s] Level 5:colcon.colcon_core.verb:set package 'roboteq_controller' build argument 'catkin_skip_building_tests' from command line to 'False'
[0.311s] DEBUG:colcon.colcon_core.verb:Building package 'roboteq_controller' with the following arguments: {'ament_cmake_args': None, 'build_base': '/home/niles/ros2_ws/build/roboteq_controller', 'catkin_cmake_args': None, 'catkin_skip_building_tests': False, 'cmake_args': None, 'cmake_clean_cache': False, 'cmake_clean_first': False, 'cmake_force_configure': False, 'cmake_target': None, 'cmake_target_skip_unavailable': False, 'install_base': '/home/niles/ros2_ws/install/roboteq_controller', 'merge_install': False, 'path': '/home/niles/ros2_ws/src/roboteq_controller', 'symlink_install': False, 'test_result_base': None}
[0.311s] INFO:colcon.colcon_core.executor:Executing jobs using 'parallel' executor
[0.313s] DEBUG:colcon.colcon_parallel_executor.executor.parallel:run_until_complete
[0.313s] INFO:colcon.colcon_ros.task.catkin.build:Building ROS package in '/home/niles/ros2_ws/src/serial' with build type 'catkin'
[0.313s] INFO:colcon.colcon_cmake.task.cmake.build:Building CMake package in '/home/niles/ros2_ws/src/serial'
[0.316s] INFO:colcon.colcon_core.plugin_system:Skipping extension 'colcon_core.shell.bat': Not used on non-Windows systems
[0.316s] INFO:colcon.colcon_core.shell:Skip shell extension 'powershell' for command environment: Not usable outside of PowerShell
[0.316s] DEBUG:colcon.colcon_core.shell:Skip shell extension 'dsv' for command environment
[0.324s] INFO:colcon.colcon_ros.task.ament_cmake.build:Building ROS package in '/home/niles/ros2_ws/src/speed_pub' with build type 'ament_cmake'
[0.324s] INFO:colcon.colcon_cmake.task.cmake.build:Building CMake package in '/home/niles/ros2_ws/src/speed_pub'
[0.324s] INFO:colcon.colcon_core.shell:Skip shell extension 'powershell' for command environment: Not usable outside of PowerShell
[0.324s] DEBUG:colcon.colcon_core.shell:Skip shell extension 'dsv' for command environment
[0.334s] DEBUG:colcon.colcon_core.event_handler.log_command:Invoking command in '/home/niles/ros2_ws/build/serial': CONDA_PROMPT_MODIFIER=(rss) DEBUGINFOD_URLS=https://debuginfod.ubuntu.com /usr/bin/cmake --build /home/niles/ros2_ws/build/serial -- -j16 -l16
[0.340s] DEBUG:colcon.colcon_core.event_handler.log_command:Invoking command in '/home/niles/ros2_ws/build/speed_pub': CMAKE_PREFIX_PATH=${CMAKE_PREFIX_PATH}:/opt/ros/jazzy CONDA_PROMPT_MODIFIER=(rss) DEBUGINFOD_URLS=https://debuginfod.ubuntu.com /usr/bin/cmake --build /home/niles/ros2_ws/build/speed_pub -- -j16 -l16
[0.480s] DEBUG:colcon.colcon_core.event_handler.log_command:Invoked command in '/home/niles/ros2_ws/build/serial' returned '0': CONDA_PROMPT_MODIFIER=(rss) DEBUGINFOD_URLS=https://debuginfod.ubuntu.com /usr/bin/cmake --build /home/niles/ros2_ws/build/serial -- -j16 -l16
[0.501s] DEBUG:colcon.colcon_core.event_handler.log_command:Invoking command in '/home/niles/ros2_ws/build/serial': CONDA_PROMPT_MODIFIER=(rss) DEBUGINFOD_URLS=https://debuginfod.ubuntu.com /usr/bin/cmake --install /home/niles/ros2_ws/build/serial
[0.540s] DEBUG:colcon.colcon_core.event_handler.log_command:Invoked command in '/home/niles/ros2_ws/build/serial' returned '0': CONDA_PROMPT_MODIFIER=(rss) DEBUGINFOD_URLS=https://debuginfod.ubuntu.com /usr/bin/cmake --install /home/niles/ros2_ws/build/serial
[0.541s] Level 1:colcon.colcon_core.shell:create_environment_hook('serial', 'ros_package_path')
[0.541s] INFO:colcon.colcon_core.shell:Creating environment hook '/home/niles/ros2_ws/install/serial/share/serial/hook/ros_package_path.ps1'
[0.542s] INFO:colcon.colcon_core.shell:Creating environment descriptor '/home/niles/ros2_ws/install/serial/share/serial/hook/ros_package_path.dsv'
[0.543s] INFO:colcon.colcon_core.shell:Creating environment hook '/home/niles/ros2_ws/install/serial/share/serial/hook/ros_package_path.sh'
[0.544s] Level 1:colcon.colcon_core.shell:create_environment_hook('serial', 'pkg_config_path')
[0.544s] INFO:colcon.colcon_core.shell:Creating environment hook '/home/niles/ros2_ws/install/serial/share/serial/hook/pkg_config_path.ps1'
[0.545s] INFO:colcon.colcon_core.shell:Creating environment descriptor '/home/niles/ros2_ws/install/serial/share/serial/hook/pkg_config_path.dsv'
[0.545s] INFO:colcon.colcon_core.shell:Creating environment hook '/home/niles/ros2_ws/install/serial/share/serial/hook/pkg_config_path.sh'
[0.549s] Level 1:colcon.colcon_core.shell:create_environment_hook('serial', 'pkg_config_path_multiarch')
[0.549s] INFO:colcon.colcon_core.shell:Creating environment hook '/home/niles/ros2_ws/install/serial/share/serial/hook/pkg_config_path_multiarch.ps1'
[0.550s] INFO:colcon.colcon_core.shell:Creating environment descriptor '/home/niles/ros2_ws/install/serial/share/serial/hook/pkg_config_path_multiarch.dsv'
[0.550s] INFO:colcon.colcon_core.shell:Creating environment hook '/home/niles/ros2_ws/install/serial/share/serial/hook/pkg_config_path_multiarch.sh'
[0.552s] Level 1:colcon.colcon_core.environment:create_environment_scripts_only(serial)
[0.554s] Level 1:colcon.colcon_core.environment:checking '/home/niles/ros2_ws/install/serial' for CMake module files
[0.555s] Level 1:colcon.colcon_core.environment:checking '/home/niles/ros2_ws/install/serial' for CMake config files
[0.555s] Level 1:colcon.colcon_core.shell:create_environment_hook('serial', 'cmake_prefix_path')
[0.555s] INFO:colcon.colcon_core.shell:Creating environment hook '/home/niles/ros2_ws/install/serial/share/serial/hook/cmake_prefix_path.ps1'
[0.556s] INFO:colcon.colcon_core.shell:Creating environment descriptor '/home/niles/ros2_ws/install/serial/share/serial/hook/cmake_prefix_path.dsv'
[0.556s] INFO:colcon.colcon_core.shell:Creating environment hook '/home/niles/ros2_ws/install/serial/share/serial/hook/cmake_prefix_path.sh'
[0.557s] Level 1:colcon.colcon_core.environment:checking '/home/niles/ros2_ws/install/serial/lib'
[0.557s] Level 1:colcon.colcon_core.environment:checking '/home/niles/ros2_ws/install/serial/bin'
[0.557s] Level 1:colcon.colcon_core.environment:checking '/home/niles/ros2_ws/install/serial/lib/pkgconfig/serial.pc'
[0.558s] Level 1:colcon.colcon_core.environment:checking '/home/niles/ros2_ws/install/serial/lib/python3.12/site-packages'
[0.558s] Level 1:colcon.colcon_core.environment:checking '/home/niles/ros2_ws/install/serial/bin'
[0.558s] INFO:colcon.colcon_core.shell:Creating package script '/home/niles/ros2_ws/install/serial/share/serial/package.ps1'
[0.559s] INFO:colcon.colcon_core.shell:Creating package descriptor '/home/niles/ros2_ws/install/serial/share/serial/package.dsv'
[0.561s] INFO:colcon.colcon_core.shell:Creating package script '/home/niles/ros2_ws/install/serial/share/serial/package.sh'
[0.562s] INFO:colcon.colcon_core.shell:Creating package script '/home/niles/ros2_ws/install/serial/share/serial/package.bash'
[0.562s] INFO:colcon.colcon_core.shell:Creating package script '/home/niles/ros2_ws/install/serial/share/serial/package.zsh'
[0.563s] Level 1:colcon.colcon_core.environment:create_file_with_runtime_dependencies(/home/niles/ros2_ws/install/serial/share/colcon-core/packages/serial)
[0.564s] INFO:colcon.colcon_ros.task.ament_cmake.build:Building ROS package in '/home/niles/ros2_ws/src/roboteq_controller' with build type 'ament_cmake'
[0.564s] INFO:colcon.colcon_cmake.task.cmake.build:Building CMake package in '/home/niles/ros2_ws/src/roboteq_controller'
[0.564s] INFO:colcon.colcon_core.shell:Skip shell extension 'powershell' for command environment: Not usable outside of PowerShell
[0.565s] DEBUG:colcon.colcon_core.shell:Skip shell extension 'dsv' for command environment
[0.582s] DEBUG:colcon.colcon_core.event_handler.log_command:Invoking command in '/home/niles/ros2_ws/build/roboteq_controller': CMAKE_PREFIX_PATH=/opt/ros/jazzy:/home/niles/ros2_ws/install/serial:${CMAKE_PREFIX_PATH} CONDA_PROMPT_MODIFIER=(rss) DEBUGINFOD_URLS=https://debuginfod.ubuntu.com PKG_CONFIG_PATH=/home/niles/ros2_ws/install/serial/lib/x86_64-linux-gnu/pkgconfig:/home/niles/ros2_ws/install/serial/lib/pkgconfig ROS_PACKAGE_PATH=/home/niles/ros2_ws/install/serial/share /usr/bin/cmake --build /home/niles/ros2_ws/build/roboteq_controller -- -j16 -l16
[5.021s] DEBUG:colcon.colcon_core.event_handler.log_command:Invoked command in '/home/niles/ros2_ws/build/speed_pub' returned '0': CMAKE_PREFIX_PATH=${CMAKE_PREFIX_PATH}:/opt/ros/jazzy CONDA_PROMPT_MODIFIER=(rss) DEBUGINFOD_URLS=https://debuginfod.ubuntu.com /usr/bin/cmake --build /home/niles/ros2_ws/build/speed_pub -- -j16 -l16
[5.022s] DEBUG:colcon.colcon_core.event_handler.log_command:Invoking command in '/home/niles/ros2_ws/build/speed_pub': CMAKE_PREFIX_PATH=${CMAKE_PREFIX_PATH}:/opt/ros/jazzy CONDA_PROMPT_MODIFIER=(rss) DEBUGINFOD_URLS=https://debuginfod.ubuntu.com /usr/bin/cmake --install /home/niles/ros2_ws/build/speed_pub
[5.036s] Level 1:colcon.colcon_core.environment:create_environment_scripts_only(speed_pub)
[5.037s] Level 1:colcon.colcon_core.environment:checking '/home/niles/ros2_ws/install/speed_pub' for CMake module files
[5.037s] DEBUG:colcon.colcon_core.event_handler.log_command:Invoked command in '/home/niles/ros2_ws/build/speed_pub' returned '0': CMAKE_PREFIX_PATH=${CMAKE_PREFIX_PATH}:/opt/ros/jazzy CONDA_PROMPT_MODIFIER=(rss) DEBUGINFOD_URLS=https://debuginfod.ubuntu.com /usr/bin/cmake --install /home/niles/ros2_ws/build/speed_pub
[5.037s] Level 1:colcon.colcon_core.environment:checking '/home/niles/ros2_ws/install/speed_pub' for CMake config files
[5.037s] Level 1:colcon.colcon_core.shell:create_environment_hook('speed_pub', 'cmake_prefix_path')
[5.037s] INFO:colcon.colcon_core.shell:Creating environment hook '/home/niles/ros2_ws/install/speed_pub/share/speed_pub/hook/cmake_prefix_path.ps1'
[5.038s] INFO:colcon.colcon_core.shell:Creating environment descriptor '/home/niles/ros2_ws/install/speed_pub/share/speed_pub/hook/cmake_prefix_path.dsv'
[5.038s] INFO:colcon.colcon_core.shell:Creating environment hook '/home/niles/ros2_ws/install/speed_pub/share/speed_pub/hook/cmake_prefix_path.sh'
[5.038s] Level 1:colcon.colcon_core.environment:checking '/home/niles/ros2_ws/install/speed_pub/lib'
[5.038s] Level 1:colcon.colcon_core.environment:checking '/home/niles/ros2_ws/install/speed_pub/bin'
[5.039s] Level 1:colcon.colcon_core.environment:checking '/home/niles/ros2_ws/install/speed_pub/lib/pkgconfig/speed_pub.pc'
[5.039s] Level 1:colcon.colcon_core.environment:checking '/home/niles/ros2_ws/install/speed_pub/lib/python3.12/site-packages'
[5.039s] Level 1:colcon.colcon_core.environment:checking '/home/niles/ros2_ws/install/speed_pub/bin'
[5.039s] INFO:colcon.colcon_core.shell:Creating package script '/home/niles/ros2_ws/install/speed_pub/share/speed_pub/package.ps1'
[5.039s] INFO:colcon.colcon_core.shell:Creating package descriptor '/home/niles/ros2_ws/install/speed_pub/share/speed_pub/package.dsv'
[5.039s] INFO:colcon.colcon_core.shell:Creating package script '/home/niles/ros2_ws/install/speed_pub/share/speed_pub/package.sh'
[5.040s] INFO:colcon.colcon_core.shell:Creating package script '/home/niles/ros2_ws/install/speed_pub/share/speed_pub/package.bash'
[5.040s] INFO:colcon.colcon_core.shell:Creating package script '/home/niles/ros2_ws/install/speed_pub/share/speed_pub/package.zsh'
[5.040s] Level 1:colcon.colcon_core.environment:create_file_with_runtime_dependencies(/home/niles/ros2_ws/install/speed_pub/share/colcon-core/packages/speed_pub)
[5.040s] Level 1:colcon.colcon_core.environment:create_environment_scripts_only(speed_pub)
[5.040s] Level 1:colcon.colcon_core.environment:checking '/home/niles/ros2_ws/install/speed_pub' for CMake module files
[5.041s] Level 1:colcon.colcon_core.environment:checking '/home/niles/ros2_ws/install/speed_pub' for CMake config files
[5.041s] Level 1:colcon.colcon_core.shell:create_environment_hook('speed_pub', 'cmake_prefix_path')
[5.041s] INFO:colcon.colcon_core.shell:Creating environment hook '/home/niles/ros2_ws/install/speed_pub/share/speed_pub/hook/cmake_prefix_path.ps1'
[5.041s] INFO:colcon.colcon_core.shell:Creating environment descriptor '/home/niles/ros2_ws/install/speed_pub/share/speed_pub/hook/cmake_prefix_path.dsv'
[5.041s] INFO:colcon.colcon_core.shell:Creating environment hook '/home/niles/ros2_ws/install/speed_pub/share/speed_pub/hook/cmake_prefix_path.sh'
[5.042s] Level 1:colcon.colcon_core.environment:checking '/home/niles/ros2_ws/install/speed_pub/lib'
[5.042s] Level 1:colcon.colcon_core.environment:checking '/home/niles/ros2_ws/install/speed_pub/bin'
[5.042s] Level 1:colcon.colcon_core.environment:checking '/home/niles/ros2_ws/install/speed_pub/lib/pkgconfig/speed_pub.pc'
[5.042s] Level 1:colcon.colcon_core.environment:checking '/home/niles/ros2_ws/install/speed_pub/lib/python3.12/site-packages'
[5.042s] Level 1:colcon.colcon_core.environment:checking '/home/niles/ros2_ws/install/speed_pub/bin'
[5.042s] INFO:colcon.colcon_core.shell:Creating package script '/home/niles/ros2_ws/install/speed_pub/share/speed_pub/package.ps1'
[5.042s] INFO:colcon.colcon_core.shell:Creating package descriptor '/home/niles/ros2_ws/install/speed_pub/share/speed_pub/package.dsv'
[5.043s] INFO:colcon.colcon_core.shell:Creating package script '/home/niles/ros2_ws/install/speed_pub/share/speed_pub/package.sh'
[5.043s] INFO:colcon.colcon_core.shell:Creating package script '/home/niles/ros2_ws/install/speed_pub/share/speed_pub/package.bash'
[5.043s] INFO:colcon.colcon_core.shell:Creating package script '/home/niles/ros2_ws/install/speed_pub/share/speed_pub/package.zsh'
[5.043s] Level 1:colcon.colcon_core.environment:create_file_with_runtime_dependencies(/home/niles/ros2_ws/install/speed_pub/share/colcon-core/packages/speed_pub)
[7.735s] DEBUG:colcon.colcon_core.event_handler.log_command:Invoked command in '/home/niles/ros2_ws/build/roboteq_controller' returned '0': CMAKE_PREFIX_PATH=/opt/ros/jazzy:/home/niles/ros2_ws/install/serial:${CMAKE_PREFIX_PATH} CONDA_PROMPT_MODIFIER=(rss) DEBUGINFOD_URLS=https://debuginfod.ubuntu.com PKG_CONFIG_PATH=/home/niles/ros2_ws/install/serial/lib/x86_64-linux-gnu/pkgconfig:/home/niles/ros2_ws/install/serial/lib/pkgconfig ROS_PACKAGE_PATH=/home/niles/ros2_ws/install/serial/share /usr/bin/cmake --build /home/niles/ros2_ws/build/roboteq_controller -- -j16 -l16
[7.735s] DEBUG:colcon.colcon_core.event_handler.log_command:Invoking command in '/home/niles/ros2_ws/build/roboteq_controller': CMAKE_PREFIX_PATH=/opt/ros/jazzy:/home/niles/ros2_ws/install/serial:${CMAKE_PREFIX_PATH} CONDA_PROMPT_MODIFIER=(rss) DEBUGINFOD_URLS=https://debuginfod.ubuntu.com PKG_CONFIG_PATH=/home/niles/ros2_ws/install/serial/lib/x86_64-linux-gnu/pkgconfig:/home/niles/ros2_ws/install/serial/lib/pkgconfig ROS_PACKAGE_PATH=/home/niles/ros2_ws/install/serial/share /usr/bin/cmake --install /home/niles/ros2_ws/build/roboteq_controller
[7.752s] Level 1:colcon.colcon_core.environment:create_environment_scripts_only(roboteq_controller)
[7.753s] Level 1:colcon.colcon_core.environment:checking '/home/niles/ros2_ws/install/roboteq_controller' for CMake module files
[7.753s] DEBUG:colcon.colcon_core.event_handler.log_command:Invoked command in '/home/niles/ros2_ws/build/roboteq_controller' returned '0': CMAKE_PREFIX_PATH=/opt/ros/jazzy:/home/niles/ros2_ws/install/serial:${CMAKE_PREFIX_PATH} CONDA_PROMPT_MODIFIER=(rss) DEBUGINFOD_URLS=https://debuginfod.ubuntu.com PKG_CONFIG_PATH=/home/niles/ros2_ws/install/serial/lib/x86_64-linux-gnu/pkgconfig:/home/niles/ros2_ws/install/serial/lib/pkgconfig ROS_PACKAGE_PATH=/home/niles/ros2_ws/install/serial/share /usr/bin/cmake --install /home/niles/ros2_ws/build/roboteq_controller
[7.753s] Level 1:colcon.colcon_core.environment:checking '/home/niles/ros2_ws/install/roboteq_controller' for CMake config files
[7.754s] Level 1:colcon.colcon_core.shell:create_environment_hook('roboteq_controller', 'cmake_prefix_path')
[7.754s] INFO:colcon.colcon_core.shell:Creating environment hook '/home/niles/ros2_ws/install/roboteq_controller/share/roboteq_controller/hook/cmake_prefix_path.ps1'
[7.754s] INFO:colcon.colcon_core.shell:Creating environment descriptor '/home/niles/ros2_ws/install/roboteq_controller/share/roboteq_controller/hook/cmake_prefix_path.dsv'
[7.754s] INFO:colcon.colcon_core.shell:Creating environment hook '/home/niles/ros2_ws/install/roboteq_controller/share/roboteq_controller/hook/cmake_prefix_path.sh'
[7.755s] Level 1:colcon.colcon_core.environment:checking '/home/niles/ros2_ws/install/roboteq_controller/lib'
[7.755s] Level 1:colcon.colcon_core.environment:checking '/home/niles/ros2_ws/install/roboteq_controller/bin'
[7.755s] Level 1:colcon.colcon_core.environment:checking '/home/niles/ros2_ws/install/roboteq_controller/lib/pkgconfig/roboteq_controller.pc'
[7.755s] Level 1:colcon.colcon_core.environment:checking '/home/niles/ros2_ws/install/roboteq_controller/lib/python3.12/site-packages'
[7.755s] Level 1:colcon.colcon_core.environment:checking '/home/niles/ros2_ws/install/roboteq_controller/bin'
[7.755s] INFO:colcon.colcon_core.shell:Creating package script '/home/niles/ros2_ws/install/roboteq_controller/share/roboteq_controller/package.ps1'
[7.755s] INFO:colcon.colcon_core.shell:Creating package descriptor '/home/niles/ros2_ws/install/roboteq_controller/share/roboteq_controller/package.dsv'
[7.756s] INFO:colcon.colcon_core.shell:Creating package script '/home/niles/ros2_ws/install/roboteq_controller/share/roboteq_controller/package.sh'
[7.756s] INFO:colcon.colcon_core.shell:Creating package script '/home/niles/ros2_ws/install/roboteq_controller/share/roboteq_controller/package.bash'
[7.756s] INFO:colcon.colcon_core.shell:Creating package script '/home/niles/ros2_ws/install/roboteq_controller/share/roboteq_controller/package.zsh'
[7.756s] Level 1:colcon.colcon_core.environment:create_file_with_runtime_dependencies(/home/niles/ros2_ws/install/roboteq_controller/share/colcon-core/packages/roboteq_controller)
[7.757s] Level 1:colcon.colcon_core.environment:create_environment_scripts_only(roboteq_controller)
[7.757s] Level 1:colcon.colcon_core.environment:checking '/home/niles/ros2_ws/install/roboteq_controller' for CMake module files
[7.757s] Level 1:colcon.colcon_core.environment:checking '/home/niles/ros2_ws/install/roboteq_controller' for CMake config files
[7.757s] Level 1:colcon.colcon_core.shell:create_environment_hook('roboteq_controller', 'cmake_prefix_path')
[7.757s] INFO:colcon.colcon_core.shell:Creating environment hook '/home/niles/ros2_ws/install/roboteq_controller/share/roboteq_controller/hook/cmake_prefix_path.ps1'
[7.757s] INFO:colcon.colcon_core.shell:Creating environment descriptor '/home/niles/ros2_ws/install/roboteq_controller/share/roboteq_controller/hook/cmake_prefix_path.dsv'
[7.758s] INFO:colcon.colcon_core.shell:Creating environment hook '/home/niles/ros2_ws/install/roboteq_controller/share/roboteq_controller/hook/cmake_prefix_path.sh'
[7.758s] Level 1:colcon.colcon_core.environment:checking '/home/niles/ros2_ws/install/roboteq_controller/lib'
[7.758s] Level 1:colcon.colcon_core.environment:checking '/home/niles/ros2_ws/install/roboteq_controller/bin'
[7.758s] Level 1:colcon.colcon_core.environment:checking '/home/niles/ros2_ws/install/roboteq_controller/lib/pkgconfig/roboteq_controller.pc'
[7.758s] Level 1:colcon.colcon_core.environment:checking '/home/niles/ros2_ws/install/roboteq_controller/lib/python3.12/site-packages'
[7.758s] Level 1:colcon.colcon_core.environment:checking '/home/niles/ros2_ws/install/roboteq_controller/bin'
[7.758s] INFO:colcon.colcon_core.shell:Creating package script '/home/niles/ros2_ws/install/roboteq_controller/share/roboteq_controller/package.ps1'
[7.759s] INFO:colcon.colcon_core.shell:Creating package descriptor '/home/niles/ros2_ws/install/roboteq_controller/share/roboteq_controller/package.dsv'
[7.759s] INFO:colcon.colcon_core.shell:Creating package script '/home/niles/ros2_ws/install/roboteq_controller/share/roboteq_controller/package.sh'
[7.759s] INFO:colcon.colcon_core.shell:Creating package script '/home/niles/ros2_ws/install/roboteq_controller/share/roboteq_controller/package.bash'
[7.759s] INFO:colcon.colcon_core.shell:Creating package script '/home/niles/ros2_ws/install/roboteq_controller/share/roboteq_controller/package.zsh'
[7.759s] Level 1:colcon.colcon_core.environment:create_file_with_runtime_dependencies(/home/niles/ros2_ws/install/roboteq_controller/share/colcon-core/packages/roboteq_controller)
[7.760s] DEBUG:colcon.colcon_parallel_executor.executor.parallel:closing loop
[7.760s] DEBUG:colcon.colcon_parallel_executor.executor.parallel:loop closed
[7.760s] DEBUG:colcon.colcon_parallel_executor.executor.parallel:run_until_complete finished with '0'
[7.760s] DEBUG:colcon.colcon_core.event_reactor:joining thread
[7.765s] INFO:colcon.colcon_core.plugin_system:Skipping extension 'colcon_notification.desktop_notification.terminal_notifier': Not used on non-Darwin systems
[7.765s] INFO:colcon.colcon_core.plugin_system:Skipping extension 'colcon_notification.desktop_notification.win32': Not used on non-Windows systems
[7.765s] INFO:colcon.colcon_notification.desktop_notification:Sending desktop notification using 'notify2'
[7.775s] DEBUG:colcon.colcon_core.event_reactor:joined thread
[7.775s] INFO:colcon.colcon_core.shell:Creating prefix script '/home/niles/ros2_ws/install/local_setup.ps1'
[7.776s] INFO:colcon.colcon_core.shell:Creating prefix util module '/home/niles/ros2_ws/install/_local_setup_util_ps1.py'
[7.776s] INFO:colcon.colcon_core.shell:Creating prefix chain script '/home/niles/ros2_ws/install/setup.ps1'
[7.777s] INFO:colcon.colcon_core.shell:Creating prefix script '/home/niles/ros2_ws/install/local_setup.sh'
[7.778s] INFO:colcon.colcon_core.shell:Creating prefix util module '/home/niles/ros2_ws/install/_local_setup_util_sh.py'
[7.778s] INFO:colcon.colcon_core.shell:Creating prefix chain script '/home/niles/ros2_ws/install/setup.sh'
[7.779s] INFO:colcon.colcon_core.shell:Creating prefix script '/home/niles/ros2_ws/install/local_setup.bash'
[7.779s] INFO:colcon.colcon_core.shell:Creating prefix chain script '/home/niles/ros2_ws/install/setup.bash'
[7.779s] INFO:colcon.colcon_core.shell:Creating prefix script '/home/niles/ros2_ws/install/local_setup.zsh'
[7.780s] INFO:colcon.colcon_core.shell:Creating prefix chain script '/home/niles/ros2_ws/install/setup.zsh'
