[0.015s] Invoking command in '/home/niles/ros2_ws/build/serial': CONDA_PROMPT_MODIFIER=(rss) DEBUGINFOD_URLS=https://debuginfod.ubuntu.com /usr/bin/cmake --build /home/niles/ros2_ws/build/serial -- -j16 -l16
[0.111s] [100%] Built target serial
[0.129s] Invoked command in '/home/niles/ros2_ws/build/serial' returned '0': CONDA_PROMPT_MODIFIER=(rss) DEBUGINFOD_URLS=https://debuginfod.ubuntu.com /usr/bin/cmake --build /home/niles/ros2_ws/build/serial -- -j16 -l16
[0.144s] Invoking command in '/home/niles/ros2_ws/build/serial': CONDA_PROMPT_MODIFIER=(rss) DEBUGINFOD_URLS=https://debuginfod.ubuntu.com /usr/bin/cmake --install /home/niles/ros2_ws/build/serial
[0.156s] -- Install configuration: ""
[0.156s] -- Up-to-date: /home/niles/ros2_ws/install/serial/lib/libserial.a
[0.156s] -- Up-to-date: /home/niles/ros2_ws/install/serial/include/serial/serial.h
[0.156s] -- Up-to-date: /home/niles/ros2_ws/install/serial/include/serial/v8stdint.h
[0.156s] -- Up-to-date: /home/niles/ros2_ws/install/serial/share/serial/environment/library_path.sh
[0.156s] -- Up-to-date: /home/niles/ros2_ws/install/serial/share/serial/environment/library_path.dsv
[0.157s] -- Up-to-date: /home/niles/ros2_ws/install/serial/share/ament_index/resource_index/package_run_dependencies/serial
[0.157s] -- Up-to-date: /home/niles/ros2_ws/install/serial/share/ament_index/resource_index/parent_prefix_path/serial
[0.157s] -- Up-to-date: /home/niles/ros2_ws/install/serial/share/serial/environment/ament_prefix_path.sh
[0.157s] -- Up-to-date: /home/niles/ros2_ws/install/serial/share/serial/environment/ament_prefix_path.dsv
[0.157s] -- Up-to-date: /home/niles/ros2_ws/install/serial/share/serial/environment/path.sh
[0.157s] -- Up-to-date: /home/niles/ros2_ws/install/serial/share/serial/environment/path.dsv
[0.157s] -- Up-to-date: /home/niles/ros2_ws/install/serial/share/serial/local_setup.bash
[0.157s] -- Up-to-date: /home/niles/ros2_ws/install/serial/share/serial/local_setup.sh
[0.157s] -- Up-to-date: /home/niles/ros2_ws/install/serial/share/serial/local_setup.zsh
[0.157s] -- Up-to-date: /home/niles/ros2_ws/install/serial/share/serial/local_setup.dsv
[0.157s] -- Installing: /home/niles/ros2_ws/install/serial/share/serial/package.dsv
[0.157s] -- Up-to-date: /home/niles/ros2_ws/install/serial/share/ament_index/resource_index/packages/serial
[0.158s] -- Up-to-date: /home/niles/ros2_ws/install/serial/share/serial/cmake/ament_cmake_export_include_directories-extras.cmake
[0.158s] -- Up-to-date: /home/niles/ros2_ws/install/serial/share/serial/cmake/ament_cmake_export_libraries-extras.cmake
[0.158s] -- Up-to-date: /home/niles/ros2_ws/install/serial/share/serial/cmake/serialConfig.cmake
[0.158s] -- Up-to-date: /home/niles/ros2_ws/install/serial/share/serial/cmake/serialConfig-version.cmake
[0.158s] -- Up-to-date: /home/niles/ros2_ws/install/serial/share/serial/package.xml
[0.160s] Invoked command in '/home/niles/ros2_ws/build/serial' returned '0': CONDA_PROMPT_MODIFIER=(rss) DEBUGINFOD_URLS=https://debuginfod.ubuntu.com /usr/bin/cmake --install /home/niles/ros2_ws/build/serial
