[0.006s] Invoking command in '/home/niles/ros2_ws/build/speed_pub': CMAKE_PREFIX_PATH=${CMAKE_PREFIX_PATH}:/opt/ros/jazzy CONDA_PROMPT_MODIFIER=(rss) DEBUGINFOD_URLS=https://debuginfod.ubuntu.com /usr/bin/cmake /home/niles/ros2_ws/src/speed_pub -DCMAKE_INSTALL_PREFIX=/home/niles/ros2_ws/install/speed_pub
[0.046s] -- The C compiler identification is GNU 13.3.0
[0.089s] -- The CXX compiler identification is GNU 13.3.0
[0.105s] -- Detecting C compiler ABI info
[0.173s] -- Detecting C compiler ABI info - done
[0.178s] -- Check for working C compiler: /usr/bin/cc - skipped
[0.179s] -- Detecting C compile features
[0.179s] -- Detecting C compile features - done
[0.187s] -- Detecting CXX compiler ABI info
[0.267s] -- Detecting CXX compiler ABI info - done
[0.272s] -- Check for working CXX compiler: /usr/bin/c++ - skipped
[0.273s] -- Detecting CXX compile features
[0.273s] -- Detecting CXX compile features - done
[0.275s] -- Found ament_cmake: 2.5.3 (/opt/ros/jazzy/share/ament_cmake/cmake)
[0.357s] -- Found Python3: /home/niles/miniforge3/envs/rss/bin/python3 (found version "3.13.2") found components: Interpreter 
[0.428s] -- Found rclcpp: 28.1.6 (/opt/ros/jazzy/share/rclcpp/cmake)
[0.462s] -- Found rosidl_generator_c: 4.6.5 (/opt/ros/jazzy/share/rosidl_generator_c/cmake)
[0.462s] -- Found rosidl_generator_cpp: 4.6.5 (/opt/ros/jazzy/share/rosidl_generator_cpp/cmake)
[0.471s] -- Using all available rosidl_typesupport_c: rosidl_typesupport_fastrtps_c;rosidl_typesupport_introspection_c
[0.482s] -- Using all available rosidl_typesupport_cpp: rosidl_typesupport_fastrtps_cpp;rosidl_typesupport_introspection_cpp
[0.534s] -- Found rmw_implementation_cmake: 7.3.1 (/opt/ros/jazzy/share/rmw_implementation_cmake/cmake)
[0.536s] -- Found rmw_fastrtps_cpp: 8.4.1 (/opt/ros/jazzy/share/rmw_fastrtps_cpp/cmake)
[0.605s] -- Found OpenSSL: /usr/lib/x86_64-linux-gnu/libcrypto.so (found version "3.0.13")  
[0.622s] -- Found FastRTPS: /opt/ros/jazzy/include (Required is at least version "2.13") 
[0.643s] -- Using RMW implementation 'rmw_fastrtps_cpp' as default
[0.696s] -- Found std_msgs: 5.3.5 (/opt/ros/jazzy/share/std_msgs/cmake)
[0.708s] -- Found geometry_msgs: 5.3.5 (/opt/ros/jazzy/share/geometry_msgs/cmake)
[0.720s] -- Found ament_lint_auto: 0.17.1 (/opt/ros/jazzy/share/ament_lint_auto/cmake)
[0.791s] -- Added test 'cppcheck' to perform static code analysis on C / C++ code
[0.791s] -- Configured cppcheck include dirs: 
[0.792s] -- Configured cppcheck exclude dirs and/or files: 
[0.792s] -- Added test 'lint_cmake' to check CMake code style
[0.793s] -- Added test 'uncrustify' to check C / C++ code style
[0.793s] -- Configured uncrustify additional arguments: 
[0.793s] -- Added test 'xmllint' to check XML markup files
[0.794s] -- Configuring done (0.8s)
[0.803s] -- Generating done (0.0s)
[0.806s] -- Build files have been written to: /home/niles/ros2_ws/build/speed_pub
[0.816s] Invoked command in '/home/niles/ros2_ws/build/speed_pub' returned '0': CMAKE_PREFIX_PATH=${CMAKE_PREFIX_PATH}:/opt/ros/jazzy CONDA_PROMPT_MODIFIER=(rss) DEBUGINFOD_URLS=https://debuginfod.ubuntu.com /usr/bin/cmake /home/niles/ros2_ws/src/speed_pub -DCMAKE_INSTALL_PREFIX=/home/niles/ros2_ws/install/speed_pub
[0.817s] Invoking command in '/home/niles/ros2_ws/build/speed_pub': CMAKE_PREFIX_PATH=${CMAKE_PREFIX_PATH}:/opt/ros/jazzy CONDA_PROMPT_MODIFIER=(rss) DEBUGINFOD_URLS=https://debuginfod.ubuntu.com /usr/bin/cmake --build /home/niles/ros2_ws/build/speed_pub -- -j16 -l16
[0.859s] [ 50%] [32mBuilding CXX object CMakeFiles/speed_pub_node.dir/src/speed_pub_node.cpp.o[0m
[6.654s] [100%] [32m[1mLinking CXX executable speed_pub_node[0m
[6.901s] [100%] Built target speed_pub_node
[6.912s] Invoked command in '/home/niles/ros2_ws/build/speed_pub' returned '0': CMAKE_PREFIX_PATH=${CMAKE_PREFIX_PATH}:/opt/ros/jazzy CONDA_PROMPT_MODIFIER=(rss) DEBUGINFOD_URLS=https://debuginfod.ubuntu.com /usr/bin/cmake --build /home/niles/ros2_ws/build/speed_pub -- -j16 -l16
[6.913s] Invoking command in '/home/niles/ros2_ws/build/speed_pub': CMAKE_PREFIX_PATH=${CMAKE_PREFIX_PATH}:/opt/ros/jazzy CONDA_PROMPT_MODIFIER=(rss) DEBUGINFOD_URLS=https://debuginfod.ubuntu.com /usr/bin/cmake --install /home/niles/ros2_ws/build/speed_pub
[6.921s] -- Install configuration: ""
[6.922s] -- Installing: /home/niles/ros2_ws/install/speed_pub/lib/speed_pub/speed_pub_node
[6.926s] -- Set non-toolchain portion of runtime path of "/home/niles/ros2_ws/install/speed_pub/lib/speed_pub/speed_pub_node" to ""
[6.926s] -- Installing: /home/niles/ros2_ws/install/speed_pub/share/ament_index/resource_index/package_run_dependencies/speed_pub
[6.926s] -- Installing: /home/niles/ros2_ws/install/speed_pub/share/ament_index/resource_index/parent_prefix_path/speed_pub
[6.926s] -- Installing: /home/niles/ros2_ws/install/speed_pub/share/speed_pub/environment/ament_prefix_path.sh
[6.926s] -- Installing: /home/niles/ros2_ws/install/speed_pub/share/speed_pub/environment/ament_prefix_path.dsv
[6.926s] -- Installing: /home/niles/ros2_ws/install/speed_pub/share/speed_pub/environment/path.sh
[6.926s] -- Installing: /home/niles/ros2_ws/install/speed_pub/share/speed_pub/environment/path.dsv
[6.926s] -- Installing: /home/niles/ros2_ws/install/speed_pub/share/speed_pub/local_setup.bash
[6.927s] -- Installing: /home/niles/ros2_ws/install/speed_pub/share/speed_pub/local_setup.sh
[6.927s] -- Installing: /home/niles/ros2_ws/install/speed_pub/share/speed_pub/local_setup.zsh
[6.927s] -- Installing: /home/niles/ros2_ws/install/speed_pub/share/speed_pub/local_setup.dsv
[6.927s] -- Installing: /home/niles/ros2_ws/install/speed_pub/share/speed_pub/package.dsv
[6.927s] -- Installing: /home/niles/ros2_ws/install/speed_pub/share/ament_index/resource_index/packages/speed_pub
[6.927s] -- Installing: /home/niles/ros2_ws/install/speed_pub/share/speed_pub/cmake/speed_pubConfig.cmake
[6.927s] -- Installing: /home/niles/ros2_ws/install/speed_pub/share/speed_pub/cmake/speed_pubConfig-version.cmake
[6.927s] -- Installing: /home/niles/ros2_ws/install/speed_pub/share/speed_pub/package.xml
[6.929s] Invoked command in '/home/niles/ros2_ws/build/speed_pub' returned '0': CMAKE_PREFIX_PATH=${CMAKE_PREFIX_PATH}:/opt/ros/jazzy CONDA_PROMPT_MODIFIER=(rss) DEBUGINFOD_URLS=https://debuginfod.ubuntu.com /usr/bin/cmake --install /home/niles/ros2_ws/build/speed_pub
