[0.014s] Invoking command in '/home/niles/ros2_ws/build/roboteq_controller': CMAKE_PREFIX_PATH=/opt/ros/jazzy:/home/niles/ros2_ws/install/serial:${CMAKE_PREFIX_PATH} CONDA_PROMPT_MODIFIER=(rss) DEBUGINFOD_URLS=https://debuginfod.ubuntu.com PKG_CONFIG_PATH=/home/niles/ros2_ws/install/serial/lib/x86_64-linux-gnu/pkgconfig:/home/niles/ros2_ws/install/serial/lib/pkgconfig ROS_PACKAGE_PATH=/home/niles/ros2_ws/install/serial/share /usr/bin/cmake --build /home/niles/ros2_ws/build/roboteq_controller -- -j16 -l16
[0.076s] [100%] Built target speed_control_node
[0.086s] Invoked command in '/home/niles/ros2_ws/build/roboteq_controller' returned '0': CMAKE_PREFIX_PATH=/opt/ros/jazzy:/home/niles/ros2_ws/install/serial:${CMAKE_PREFIX_PATH} CONDA_PROMPT_MODIFIER=(rss) DEBUGINFOD_URLS=https://debuginfod.ubuntu.com PKG_CONFIG_PATH=/home/niles/ros2_ws/install/serial/lib/x86_64-linux-gnu/pkgconfig:/home/niles/ros2_ws/install/serial/lib/pkgconfig ROS_PACKAGE_PATH=/home/niles/ros2_ws/install/serial/share /usr/bin/cmake --build /home/niles/ros2_ws/build/roboteq_controller -- -j16 -l16
[0.095s] Invoking command in '/home/niles/ros2_ws/build/roboteq_controller': CMAKE_PREFIX_PATH=/opt/ros/jazzy:/home/niles/ros2_ws/install/serial:${CMAKE_PREFIX_PATH} CONDA_PROMPT_MODIFIER=(rss) DEBUGINFOD_URLS=https://debuginfod.ubuntu.com PKG_CONFIG_PATH=/home/niles/ros2_ws/install/serial/lib/x86_64-linux-gnu/pkgconfig:/home/niles/ros2_ws/install/serial/lib/pkgconfig ROS_PACKAGE_PATH=/home/niles/ros2_ws/install/serial/share /usr/bin/cmake --install /home/niles/ros2_ws/build/roboteq_controller
[0.102s] -- Install configuration: ""
[0.102s] -- Installing: /home/niles/ros2_ws/install/roboteq_controller/lib/roboteq_controller/speed_control_node
[0.108s] -- Set non-toolchain portion of runtime path of "/home/niles/ros2_ws/install/roboteq_controller/lib/roboteq_controller/speed_control_node" to ""
[0.108s] -- Installing: /home/niles/ros2_ws/install/roboteq_controller/share/ament_index/resource_index/package_run_dependencies/roboteq_controller
[0.108s] -- Installing: /home/niles/ros2_ws/install/roboteq_controller/share/ament_index/resource_index/parent_prefix_path/roboteq_controller
[0.109s] -- Installing: /home/niles/ros2_ws/install/roboteq_controller/share/roboteq_controller/environment/ament_prefix_path.sh
[0.109s] -- Installing: /home/niles/ros2_ws/install/roboteq_controller/share/roboteq_controller/environment/ament_prefix_path.dsv
[0.109s] -- Installing: /home/niles/ros2_ws/install/roboteq_controller/share/roboteq_controller/environment/path.sh
[0.109s] -- Installing: /home/niles/ros2_ws/install/roboteq_controller/share/roboteq_controller/environment/path.dsv
[0.109s] -- Installing: /home/niles/ros2_ws/install/roboteq_controller/share/roboteq_controller/local_setup.bash
[0.109s] -- Installing: /home/niles/ros2_ws/install/roboteq_controller/share/roboteq_controller/local_setup.sh
[0.110s] -- Installing: /home/niles/ros2_ws/install/roboteq_controller/share/roboteq_controller/local_setup.zsh
[0.110s] -- Installing: /home/niles/ros2_ws/install/roboteq_controller/share/roboteq_controller/local_setup.dsv
[0.110s] -- Installing: /home/niles/ros2_ws/install/roboteq_controller/share/roboteq_controller/package.dsv
[0.110s] -- Installing: /home/niles/ros2_ws/install/roboteq_controller/share/ament_index/resource_index/packages/roboteq_controller
[0.110s] -- Installing: /home/niles/ros2_ws/install/roboteq_controller/share/roboteq_controller/cmake/roboteq_controllerConfig.cmake
[0.110s] -- Installing: /home/niles/ros2_ws/install/roboteq_controller/share/roboteq_controller/cmake/roboteq_controllerConfig-version.cmake
[0.110s] -- Installing: /home/niles/ros2_ws/install/roboteq_controller/share/roboteq_controller/package.xml
[0.112s] Invoked command in '/home/niles/ros2_ws/build/roboteq_controller' returned '0': CMAKE_PREFIX_PATH=/opt/ros/jazzy:/home/niles/ros2_ws/install/serial:${CMAKE_PREFIX_PATH} CONDA_PROMPT_MODIFIER=(rss) DEBUGINFOD_URLS=https://debuginfod.ubuntu.com PKG_CONFIG_PATH=/home/niles/ros2_ws/install/serial/lib/x86_64-linux-gnu/pkgconfig:/home/niles/ros2_ws/install/serial/lib/pkgconfig ROS_PACKAGE_PATH=/home/niles/ros2_ws/install/serial/share /usr/bin/cmake --install /home/niles/ros2_ws/build/roboteq_controller
