[0.059s] DEBUG:colcon:Command line arguments: ['/usr/bin/colcon', 'build', '--packages-select', 'speed_pub']
[0.059s] DEBUG:colcon:Parsed command line arguments: Namespace(log_base=None, log_level=None, verb_name='build', build_base='build', install_base='install', merge_install=False, symlink_install=False, test_result_base=None, continue_on_error=False, executor='parallel', parallel_workers=16, event_handlers=None, ignore_user_meta=False, metas=['./colcon.meta'], base_paths=['.'], packages_ignore=None, packages_ignore_regex=None, paths=None, packages_up_to=None, packages_up_to_regex=None, packages_above=None, packages_above_and_dependencies=None, packages_above_depth=None, packages_select_by_dep=None, packages_skip_by_dep=None, packages_skip_up_to=None, packages_select_build_failed=False, packages_skip_build_finished=False, packages_select_test_failures=False, packages_skip_test_passed=False, packages_select=['speed_pub'], packages_skip=None, packages_select_regex=None, packages_skip_regex=None, packages_start=None, packages_end=None, allow_overriding=[], cmake_args=None, cmake_target=None, cmake_target_skip_unavailable=False, cmake_clean_cache=False, cmake_clean_first=False, cmake_force_configure=False, ament_cmake_args=None, catkin_cmake_args=None, catkin_skip_building_tests=False, mixin_files=None, mixin=None, verb_parser=<colcon_mixin.mixin.mixin_argument.MixinArgumentDecorator object at 0x7bef76ca04d0>, verb_extension=<colcon_core.verb.build.BuildVerb object at 0x7bef76ca0170>, main=<bound method BuildVerb.main of <colcon_core.verb.build.BuildVerb object at 0x7bef76ca0170>>, mixin_verb=('build',))
[0.083s] Level 1:colcon.colcon_core.package_discovery:discover_packages(colcon_meta) check parameters
[0.084s] Level 1:colcon.colcon_core.package_discovery:discover_packages(recursive) check parameters
[0.084s] Level 1:colcon.colcon_core.package_discovery:discover_packages(ignore) check parameters
[0.084s] Level 1:colcon.colcon_core.package_discovery:discover_packages(path) check parameters
[0.084s] Level 1:colcon.colcon_core.package_discovery:discover_packages(colcon_meta) discover
[0.084s] Level 1:colcon.colcon_core.package_discovery:discover_packages(recursive) discover
[0.084s] INFO:colcon.colcon_core.package_discovery:Crawling recursively for packages in '/home/niles/ros2_ws'
[0.084s] Level 1:colcon.colcon_core.package_identification:_identify(.) by extensions ['ignore', 'ignore_ament_install']
[0.084s] Level 1:colcon.colcon_core.package_identification:_identify(.) by extension 'ignore'
[0.084s] Level 1:colcon.colcon_core.package_identification:_identify(.) by extension 'ignore_ament_install'
[0.084s] Level 1:colcon.colcon_core.package_identification:_identify(.) by extensions ['colcon_pkg']
[0.084s] Level 1:colcon.colcon_core.package_identification:_identify(.) by extension 'colcon_pkg'
[0.084s] Level 1:colcon.colcon_core.package_identification:_identify(.) by extensions ['colcon_meta']
[0.084s] Level 1:colcon.colcon_core.package_identification:_identify(.) by extension 'colcon_meta'
[0.084s] Level 1:colcon.colcon_core.package_identification:_identify(.) by extensions ['ros']
[0.084s] Level 1:colcon.colcon_core.package_identification:_identify(.) by extension 'ros'
[0.099s] Level 1:colcon.colcon_core.package_identification:_identify(.) by extensions ['cmake', 'python']
[0.099s] Level 1:colcon.colcon_core.package_identification:_identify(.) by extension 'cmake'
[0.099s] Level 1:colcon.colcon_core.package_identification:_identify(.) by extension 'python'
[0.099s] Level 1:colcon.colcon_core.package_identification:_identify(.) by extensions ['python_setup_py']
[0.100s] Level 1:colcon.colcon_core.package_identification:_identify(.) by extension 'python_setup_py'
[0.100s] Level 1:colcon.colcon_core.package_identification:_identify(build) by extensions ['ignore', 'ignore_ament_install']
[0.100s] Level 1:colcon.colcon_core.package_identification:_identify(build) by extension 'ignore'
[0.100s] Level 1:colcon.colcon_core.package_identification:_identify(build) ignored
[0.100s] Level 1:colcon.colcon_core.package_identification:_identify(install) by extensions ['ignore', 'ignore_ament_install']
[0.100s] Level 1:colcon.colcon_core.package_identification:_identify(install) by extension 'ignore'
[0.100s] Level 1:colcon.colcon_core.package_identification:_identify(install) ignored
[0.100s] Level 1:colcon.colcon_core.package_identification:_identify(log) by extensions ['ignore', 'ignore_ament_install']
[0.100s] Level 1:colcon.colcon_core.package_identification:_identify(log) by extension 'ignore'
[0.100s] Level 1:colcon.colcon_core.package_identification:_identify(log) ignored
[0.100s] Level 1:colcon.colcon_core.package_identification:_identify(src) by extensions ['ignore', 'ignore_ament_install']
[0.100s] Level 1:colcon.colcon_core.package_identification:_identify(src) by extension 'ignore'
[0.100s] Level 1:colcon.colcon_core.package_identification:_identify(src) by extension 'ignore_ament_install'
[0.100s] Level 1:colcon.colcon_core.package_identification:_identify(src) by extensions ['colcon_pkg']
[0.100s] Level 1:colcon.colcon_core.package_identification:_identify(src) by extension 'colcon_pkg'
[0.100s] Level 1:colcon.colcon_core.package_identification:_identify(src) by extensions ['colcon_meta']
[0.100s] Level 1:colcon.colcon_core.package_identification:_identify(src) by extension 'colcon_meta'
[0.100s] Level 1:colcon.colcon_core.package_identification:_identify(src) by extensions ['ros']
[0.100s] Level 1:colcon.colcon_core.package_identification:_identify(src) by extension 'ros'
[0.100s] Level 1:colcon.colcon_core.package_identification:_identify(src) by extensions ['cmake', 'python']
[0.100s] Level 1:colcon.colcon_core.package_identification:_identify(src) by extension 'cmake'
[0.100s] Level 1:colcon.colcon_core.package_identification:_identify(src) by extension 'python'
[0.100s] Level 1:colcon.colcon_core.package_identification:_identify(src) by extensions ['python_setup_py']
[0.100s] Level 1:colcon.colcon_core.package_identification:_identify(src) by extension 'python_setup_py'
[0.100s] Level 1:colcon.colcon_core.package_identification:_identify(src/robosense_description) by extensions ['ignore', 'ignore_ament_install']
[0.100s] Level 1:colcon.colcon_core.package_identification:_identify(src/robosense_description) by extension 'ignore'
[0.100s] Level 1:colcon.colcon_core.package_identification:_identify(src/robosense_description) by extension 'ignore_ament_install'
[0.100s] Level 1:colcon.colcon_core.package_identification:_identify(src/robosense_description) by extensions ['colcon_pkg']
[0.100s] Level 1:colcon.colcon_core.package_identification:_identify(src/robosense_description) by extension 'colcon_pkg'
[0.100s] Level 1:colcon.colcon_core.package_identification:_identify(src/robosense_description) by extensions ['colcon_meta']
[0.100s] Level 1:colcon.colcon_core.package_identification:_identify(src/robosense_description) by extension 'colcon_meta'
[0.100s] Level 1:colcon.colcon_core.package_identification:_identify(src/robosense_description) by extensions ['ros']
[0.100s] Level 1:colcon.colcon_core.package_identification:_identify(src/robosense_description) by extension 'ros'
[0.102s] DEBUG:colcon.colcon_core.package_identification:Package 'src/robosense_description' with type 'ros.catkin' and name 'robosense_description'
[0.102s] Level 1:colcon.colcon_core.package_identification:_identify(src/robosense_gazebo_plugins) by extensions ['ignore', 'ignore_ament_install']
[0.102s] Level 1:colcon.colcon_core.package_identification:_identify(src/robosense_gazebo_plugins) by extension 'ignore'
[0.102s] Level 1:colcon.colcon_core.package_identification:_identify(src/robosense_gazebo_plugins) by extension 'ignore_ament_install'
[0.102s] Level 1:colcon.colcon_core.package_identification:_identify(src/robosense_gazebo_plugins) by extensions ['colcon_pkg']
[0.102s] Level 1:colcon.colcon_core.package_identification:_identify(src/robosense_gazebo_plugins) by extension 'colcon_pkg'
[0.102s] Level 1:colcon.colcon_core.package_identification:_identify(src/robosense_gazebo_plugins) by extensions ['colcon_meta']
[0.102s] Level 1:colcon.colcon_core.package_identification:_identify(src/robosense_gazebo_plugins) by extension 'colcon_meta'
[0.102s] Level 1:colcon.colcon_core.package_identification:_identify(src/robosense_gazebo_plugins) by extensions ['ros']
[0.102s] Level 1:colcon.colcon_core.package_identification:_identify(src/robosense_gazebo_plugins) by extension 'ros'
[0.102s] DEBUG:colcon.colcon_core.package_identification:Package 'src/robosense_gazebo_plugins' with type 'ros.catkin' and name 'robosense_gazebo_plugins'
[0.102s] Level 1:colcon.colcon_core.package_identification:_identify(src/roboteq_controller) by extensions ['ignore', 'ignore_ament_install']
[0.102s] Level 1:colcon.colcon_core.package_identification:_identify(src/roboteq_controller) by extension 'ignore'
[0.103s] Level 1:colcon.colcon_core.package_identification:_identify(src/roboteq_controller) by extension 'ignore_ament_install'
[0.103s] Level 1:colcon.colcon_core.package_identification:_identify(src/roboteq_controller) by extensions ['colcon_pkg']
[0.103s] Level 1:colcon.colcon_core.package_identification:_identify(src/roboteq_controller) by extension 'colcon_pkg'
[0.103s] Level 1:colcon.colcon_core.package_identification:_identify(src/roboteq_controller) by extensions ['colcon_meta']
[0.103s] Level 1:colcon.colcon_core.package_identification:_identify(src/roboteq_controller) by extension 'colcon_meta'
[0.103s] Level 1:colcon.colcon_core.package_identification:_identify(src/roboteq_controller) by extensions ['ros']
[0.103s] Level 1:colcon.colcon_core.package_identification:_identify(src/roboteq_controller) by extension 'ros'
[0.103s] DEBUG:colcon.colcon_core.package_identification:Package 'src/roboteq_controller' with type 'ros.ament_cmake' and name 'roboteq_controller'
[0.103s] Level 1:colcon.colcon_core.package_identification:_identify(src/serial) by extensions ['ignore', 'ignore_ament_install']
[0.103s] Level 1:colcon.colcon_core.package_identification:_identify(src/serial) by extension 'ignore'
[0.103s] Level 1:colcon.colcon_core.package_identification:_identify(src/serial) by extension 'ignore_ament_install'
[0.103s] Level 1:colcon.colcon_core.package_identification:_identify(src/serial) by extensions ['colcon_pkg']
[0.103s] Level 1:colcon.colcon_core.package_identification:_identify(src/serial) by extension 'colcon_pkg'
[0.103s] Level 1:colcon.colcon_core.package_identification:_identify(src/serial) by extensions ['colcon_meta']
[0.103s] Level 1:colcon.colcon_core.package_identification:_identify(src/serial) by extension 'colcon_meta'
[0.103s] Level 1:colcon.colcon_core.package_identification:_identify(src/serial) by extensions ['ros']
[0.103s] Level 1:colcon.colcon_core.package_identification:_identify(src/serial) by extension 'ros'
[0.103s] DEBUG:colcon.colcon_core.package_identification:Package 'src/serial' with type 'ros.catkin' and name 'serial'
[0.104s] Level 1:colcon.colcon_core.package_identification:_identify(src/smb_description) by extensions ['ignore', 'ignore_ament_install']
[0.104s] Level 1:colcon.colcon_core.package_identification:_identify(src/smb_description) by extension 'ignore'
[0.104s] Level 1:colcon.colcon_core.package_identification:_identify(src/smb_description) by extension 'ignore_ament_install'
[0.104s] Level 1:colcon.colcon_core.package_identification:_identify(src/smb_description) by extensions ['colcon_pkg']
[0.104s] Level 1:colcon.colcon_core.package_identification:_identify(src/smb_description) by extension 'colcon_pkg'
[0.104s] Level 1:colcon.colcon_core.package_identification:_identify(src/smb_description) by extensions ['colcon_meta']
[0.104s] Level 1:colcon.colcon_core.package_identification:_identify(src/smb_description) by extension 'colcon_meta'
[0.104s] Level 1:colcon.colcon_core.package_identification:_identify(src/smb_description) by extensions ['ros']
[0.104s] Level 1:colcon.colcon_core.package_identification:_identify(src/smb_description) by extension 'ros'
[0.104s] DEBUG:colcon.colcon_core.package_identification:Package 'src/smb_description' with type 'ros.catkin' and name 'smb_description'
[0.104s] Level 1:colcon.colcon_core.package_identification:_identify(src/smb_driver) by extensions ['ignore', 'ignore_ament_install']
[0.104s] Level 1:colcon.colcon_core.package_identification:_identify(src/smb_driver) by extension 'ignore'
[0.104s] Level 1:colcon.colcon_core.package_identification:_identify(src/smb_driver) by extension 'ignore_ament_install'
[0.104s] Level 1:colcon.colcon_core.package_identification:_identify(src/smb_driver) by extensions ['colcon_pkg']
[0.104s] Level 1:colcon.colcon_core.package_identification:_identify(src/smb_driver) by extension 'colcon_pkg'
[0.104s] Level 1:colcon.colcon_core.package_identification:_identify(src/smb_driver) by extensions ['colcon_meta']
[0.104s] Level 1:colcon.colcon_core.package_identification:_identify(src/smb_driver) by extension 'colcon_meta'
[0.104s] Level 1:colcon.colcon_core.package_identification:_identify(src/smb_driver) by extensions ['ros']
[0.104s] Level 1:colcon.colcon_core.package_identification:_identify(src/smb_driver) by extension 'ros'
[0.105s] DEBUG:colcon.colcon_core.package_identification:Package 'src/smb_driver' with type 'ros.ament_cmake' and name 'smb_driver'
[0.105s] Level 1:colcon.colcon_core.package_identification:_identify(src/smb_lowlevel_controller) by extensions ['ignore', 'ignore_ament_install']
[0.105s] Level 1:colcon.colcon_core.package_identification:_identify(src/smb_lowlevel_controller) by extension 'ignore'
[0.105s] Level 1:colcon.colcon_core.package_identification:_identify(src/smb_lowlevel_controller) by extension 'ignore_ament_install'
[0.105s] Level 1:colcon.colcon_core.package_identification:_identify(src/smb_lowlevel_controller) by extensions ['colcon_pkg']
[0.105s] Level 1:colcon.colcon_core.package_identification:_identify(src/smb_lowlevel_controller) by extension 'colcon_pkg'
[0.105s] Level 1:colcon.colcon_core.package_identification:_identify(src/smb_lowlevel_controller) by extensions ['colcon_meta']
[0.105s] Level 1:colcon.colcon_core.package_identification:_identify(src/smb_lowlevel_controller) by extension 'colcon_meta'
[0.105s] Level 1:colcon.colcon_core.package_identification:_identify(src/smb_lowlevel_controller) by extensions ['ros']
[0.105s] Level 1:colcon.colcon_core.package_identification:_identify(src/smb_lowlevel_controller) by extension 'ros'
[0.105s] DEBUG:colcon.colcon_core.package_identification:Package 'src/smb_lowlevel_controller' with type 'ros.catkin' and name 'smb_lowlevel_controller'
[0.105s] Level 1:colcon.colcon_core.package_identification:_identify(src/speed_pub) by extensions ['ignore', 'ignore_ament_install']
[0.105s] Level 1:colcon.colcon_core.package_identification:_identify(src/speed_pub) by extension 'ignore'
[0.105s] Level 1:colcon.colcon_core.package_identification:_identify(src/speed_pub) by extension 'ignore_ament_install'
[0.105s] Level 1:colcon.colcon_core.package_identification:_identify(src/speed_pub) by extensions ['colcon_pkg']
[0.105s] Level 1:colcon.colcon_core.package_identification:_identify(src/speed_pub) by extension 'colcon_pkg'
[0.105s] Level 1:colcon.colcon_core.package_identification:_identify(src/speed_pub) by extensions ['colcon_meta']
[0.105s] Level 1:colcon.colcon_core.package_identification:_identify(src/speed_pub) by extension 'colcon_meta'
[0.105s] Level 1:colcon.colcon_core.package_identification:_identify(src/speed_pub) by extensions ['ros']
[0.105s] Level 1:colcon.colcon_core.package_identification:_identify(src/speed_pub) by extension 'ros'
[0.106s] DEBUG:colcon.colcon_core.package_identification:Package 'src/speed_pub' with type 'ros.ament_cmake' and name 'speed_pub'
[0.106s] Level 1:colcon.colcon_core.package_discovery:discover_packages(recursive) using defaults
[0.106s] Level 1:colcon.colcon_core.package_discovery:discover_packages(ignore) discover
[0.106s] Level 1:colcon.colcon_core.package_discovery:discover_packages(ignore) using defaults
[0.106s] Level 1:colcon.colcon_core.package_discovery:discover_packages(path) discover
[0.106s] Level 1:colcon.colcon_core.package_discovery:discover_packages(path) using defaults
[0.116s] INFO:colcon.colcon_core.package_selection:Skipping not selected package 'robosense_description' in 'src/robosense_description'
[0.116s] INFO:colcon.colcon_core.package_selection:Skipping not selected package 'robosense_gazebo_plugins' in 'src/robosense_gazebo_plugins'
[0.116s] INFO:colcon.colcon_core.package_selection:Skipping not selected package 'serial' in 'src/serial'
[0.116s] INFO:colcon.colcon_core.package_selection:Skipping not selected package 'smb_driver' in 'src/smb_driver'
[0.116s] INFO:colcon.colcon_core.package_selection:Skipping not selected package 'roboteq_controller' in 'src/roboteq_controller'
[0.117s] INFO:colcon.colcon_core.package_selection:Skipping not selected package 'smb_description' in 'src/smb_description'
[0.117s] INFO:colcon.colcon_core.package_selection:Skipping not selected package 'smb_lowlevel_controller' in 'src/smb_lowlevel_controller'
[0.117s] Level 1:colcon.colcon_core.package_discovery:discover_packages(prefix_path) check parameters
[0.117s] Level 1:colcon.colcon_core.package_discovery:discover_packages(prefix_path) discover
[0.119s] DEBUG:colcon.colcon_installed_package_information.package_discovery:Found 361 installed packages in /opt/ros/jazzy
[0.120s] Level 1:colcon.colcon_core.package_discovery:discover_packages(prefix_path) using defaults
[0.146s] Level 5:colcon.colcon_core.verb:set package 'speed_pub' build argument 'cmake_args' from command line to 'None'
[0.146s] Level 5:colcon.colcon_core.verb:set package 'speed_pub' build argument 'cmake_target' from command line to 'None'
[0.146s] Level 5:colcon.colcon_core.verb:set package 'speed_pub' build argument 'cmake_target_skip_unavailable' from command line to 'False'
[0.146s] Level 5:colcon.colcon_core.verb:set package 'speed_pub' build argument 'cmake_clean_cache' from command line to 'False'
[0.146s] Level 5:colcon.colcon_core.verb:set package 'speed_pub' build argument 'cmake_clean_first' from command line to 'False'
[0.146s] Level 5:colcon.colcon_core.verb:set package 'speed_pub' build argument 'cmake_force_configure' from command line to 'False'
[0.146s] Level 5:colcon.colcon_core.verb:set package 'speed_pub' build argument 'ament_cmake_args' from command line to 'None'
[0.146s] Level 5:colcon.colcon_core.verb:set package 'speed_pub' build argument 'catkin_cmake_args' from command line to 'None'
[0.146s] Level 5:colcon.colcon_core.verb:set package 'speed_pub' build argument 'catkin_skip_building_tests' from command line to 'False'
[0.146s] DEBUG:colcon.colcon_core.verb:Building package 'speed_pub' with the following arguments: {'ament_cmake_args': None, 'build_base': '/home/niles/ros2_ws/build/speed_pub', 'catkin_cmake_args': None, 'catkin_skip_building_tests': False, 'cmake_args': None, 'cmake_clean_cache': False, 'cmake_clean_first': False, 'cmake_force_configure': False, 'cmake_target': None, 'cmake_target_skip_unavailable': False, 'install_base': '/home/niles/ros2_ws/install/speed_pub', 'merge_install': False, 'path': '/home/niles/ros2_ws/src/speed_pub', 'symlink_install': False, 'test_result_base': None}
[0.146s] INFO:colcon.colcon_core.executor:Executing jobs using 'parallel' executor
[0.147s] DEBUG:colcon.colcon_parallel_executor.executor.parallel:run_until_complete
[0.147s] INFO:colcon.colcon_ros.task.ament_cmake.build:Building ROS package in '/home/niles/ros2_ws/src/speed_pub' with build type 'ament_cmake'
[0.147s] INFO:colcon.colcon_cmake.task.cmake.build:Building CMake package in '/home/niles/ros2_ws/src/speed_pub'
[0.150s] INFO:colcon.colcon_core.plugin_system:Skipping extension 'colcon_core.shell.bat': Not used on non-Windows systems
[0.150s] INFO:colcon.colcon_core.shell:Skip shell extension 'powershell' for command environment: Not usable outside of PowerShell
[0.150s] DEBUG:colcon.colcon_core.shell:Skip shell extension 'dsv' for command environment
[0.158s] DEBUG:colcon.colcon_core.event_handler.log_command:Invoking command in '/home/niles/ros2_ws/build/speed_pub': CMAKE_PREFIX_PATH=${CMAKE_PREFIX_PATH}:/opt/ros/jazzy CONDA_PROMPT_MODIFIER=(rss) DEBUGINFOD_URLS=https://debuginfod.ubuntu.com /usr/bin/cmake --build /home/niles/ros2_ws/build/speed_pub -- -j16 -l16
[3.506s] DEBUG:colcon.colcon_core.event_handler.log_command:Invoked command in '/home/niles/ros2_ws/build/speed_pub' returned '2': CMAKE_PREFIX_PATH=${CMAKE_PREFIX_PATH}:/opt/ros/jazzy CONDA_PROMPT_MODIFIER=(rss) DEBUGINFOD_URLS=https://debuginfod.ubuntu.com /usr/bin/cmake --build /home/niles/ros2_ws/build/speed_pub -- -j16 -l16
[3.506s] Level 1:colcon.colcon_core.environment:create_environment_scripts_only(speed_pub)
[3.508s] Level 1:colcon.colcon_core.environment:checking '/home/niles/ros2_ws/install/speed_pub' for CMake module files
[3.508s] Level 1:colcon.colcon_core.environment:checking '/home/niles/ros2_ws/install/speed_pub' for CMake config files
[3.508s] Level 1:colcon.colcon_core.environment:checking '/home/niles/ros2_ws/install/speed_pub/bin'
[3.508s] Level 1:colcon.colcon_core.environment:checking '/home/niles/ros2_ws/install/speed_pub/lib/pkgconfig/speed_pub.pc'
[3.508s] Level 1:colcon.colcon_core.environment:checking '/home/niles/ros2_ws/install/speed_pub/lib/python3.12/site-packages'
[3.508s] Level 1:colcon.colcon_core.environment:checking '/home/niles/ros2_ws/install/speed_pub/bin'
[3.508s] INFO:colcon.colcon_core.shell:Creating package script '/home/niles/ros2_ws/install/speed_pub/share/speed_pub/package.ps1'
[3.509s] INFO:colcon.colcon_core.shell:Creating package descriptor '/home/niles/ros2_ws/install/speed_pub/share/speed_pub/package.dsv'
[3.509s] INFO:colcon.colcon_core.shell:Creating package script '/home/niles/ros2_ws/install/speed_pub/share/speed_pub/package.sh'
[3.510s] INFO:colcon.colcon_core.shell:Creating package script '/home/niles/ros2_ws/install/speed_pub/share/speed_pub/package.bash'
[3.510s] INFO:colcon.colcon_core.shell:Creating package script '/home/niles/ros2_ws/install/speed_pub/share/speed_pub/package.zsh'
[3.510s] Level 1:colcon.colcon_core.environment:create_file_with_runtime_dependencies(/home/niles/ros2_ws/install/speed_pub/share/colcon-core/packages/speed_pub)
[3.521s] DEBUG:colcon.colcon_parallel_executor.executor.parallel:closing loop
[3.521s] DEBUG:colcon.colcon_parallel_executor.executor.parallel:loop closed
[3.521s] DEBUG:colcon.colcon_parallel_executor.executor.parallel:run_until_complete finished with '2'
[3.521s] DEBUG:colcon.colcon_core.event_reactor:joining thread
[3.526s] INFO:colcon.colcon_core.plugin_system:Skipping extension 'colcon_notification.desktop_notification.terminal_notifier': Not used on non-Darwin systems
[3.526s] INFO:colcon.colcon_core.plugin_system:Skipping extension 'colcon_notification.desktop_notification.win32': Not used on non-Windows systems
[3.526s] INFO:colcon.colcon_notification.desktop_notification:Sending desktop notification using 'notify2'
[3.535s] DEBUG:colcon.colcon_core.event_reactor:joined thread
[3.536s] INFO:colcon.colcon_core.shell:Creating prefix script '/home/niles/ros2_ws/install/local_setup.ps1'
[3.537s] INFO:colcon.colcon_core.shell:Creating prefix util module '/home/niles/ros2_ws/install/_local_setup_util_ps1.py'
[3.538s] INFO:colcon.colcon_core.shell:Creating prefix chain script '/home/niles/ros2_ws/install/setup.ps1'
[3.538s] INFO:colcon.colcon_core.shell:Creating prefix script '/home/niles/ros2_ws/install/local_setup.sh'
[3.539s] INFO:colcon.colcon_core.shell:Creating prefix util module '/home/niles/ros2_ws/install/_local_setup_util_sh.py'
[3.539s] INFO:colcon.colcon_core.shell:Creating prefix chain script '/home/niles/ros2_ws/install/setup.sh'
[3.539s] INFO:colcon.colcon_core.shell:Creating prefix script '/home/niles/ros2_ws/install/local_setup.bash'
[3.540s] INFO:colcon.colcon_core.shell:Creating prefix chain script '/home/niles/ros2_ws/install/setup.bash'
[3.540s] INFO:colcon.colcon_core.shell:Creating prefix script '/home/niles/ros2_ws/install/local_setup.zsh'
[3.540s] INFO:colcon.colcon_core.shell:Creating prefix chain script '/home/niles/ros2_ws/install/setup.zsh'
