[0.009s] Invoking command in '/home/niles/ros2_ws/build/speed_pub': CMAKE_PREFIX_PATH=${CMAKE_PREFIX_PATH}:/opt/ros/jazzy CONDA_PROMPT_MODIFIER=(rss) DEBUGINFOD_URLS=https://debuginfod.ubuntu.com /usr/bin/cmake /home/niles/ros2_ws/src/speed_pub -DCMAKE_INSTALL_PREFIX=/home/niles/ros2_ws/install/speed_pub
[0.060s] -- The C compiler identification is GNU 13.3.0
[0.103s] -- The CXX compiler identification is GNU 13.3.0
[0.122s] -- Detecting C compiler ABI info
[0.210s] -- Detecting C compiler ABI info - done
[0.216s] -- Check for working C compiler: /usr/bin/cc - skipped
[0.216s] -- Detecting C compile features
[0.216s] -- Detecting C compile features - done
[0.226s] -- Detecting CXX compiler ABI info
[0.321s] -- Detecting CXX compiler ABI info - done
[0.326s] -- Check for working CXX compiler: /usr/bin/c++ - skipped
[0.327s] -- Detecting CXX compile features
[0.327s] -- Detecting CXX compile features - done
[0.330s] -- Found ament_cmake: 2.5.3 (/opt/ros/jazzy/share/ament_cmake/cmake)
[0.468s] -- Found Python3: /home/niles/miniforge3/envs/rss/bin/python3 (found version "3.9.21") found components: Interpreter 
[0.544s] -- Found rclcpp: 28.1.6 (/opt/ros/jazzy/share/rclcpp/cmake)
[0.580s] -- Found rosidl_generator_c: 4.6.5 (/opt/ros/jazzy/share/rosidl_generator_c/cmake)
[0.591s] -- Found rosidl_generator_cpp: 4.6.5 (/opt/ros/jazzy/share/rosidl_generator_cpp/cmake)
[0.606s] -- Using all available rosidl_typesupport_c: rosidl_typesupport_fastrtps_c;rosidl_typesupport_introspection_c
[0.620s] -- Using all available rosidl_typesupport_cpp: rosidl_typesupport_fastrtps_cpp;rosidl_typesupport_introspection_cpp
[0.679s] -- Found rmw_implementation_cmake: 7.3.1 (/opt/ros/jazzy/share/rmw_implementation_cmake/cmake)
[0.682s] -- Found rmw_fastrtps_cpp: 8.4.1 (/opt/ros/jazzy/share/rmw_fastrtps_cpp/cmake)
[0.766s] -- Found OpenSSL: /usr/lib/x86_64-linux-gnu/libcrypto.so (found version "3.0.13")  
[0.781s] -- Found FastRTPS: /opt/ros/jazzy/include (Required is at least version "2.13") 
[0.797s] -- Using RMW implementation 'rmw_fastrtps_cpp' as default
[0.857s] -- Found std_msgs: 5.3.5 (/opt/ros/jazzy/share/std_msgs/cmake)
[0.867s] -- Found ament_lint_auto: 0.17.1 (/opt/ros/jazzy/share/ament_lint_auto/cmake)
[0.935s] -- Added test 'lint_cmake' to check CMake code style
[0.936s] -- Added test 'xmllint' to check XML markup files
[0.937s] -- Configuring done (0.9s)
[0.939s] [31mCMake Error at CMakeLists.txt:16 (add_executable):
[0.939s]   Cannot find source file:
[0.940s] 
[0.940s]     src/speed_pub_node.cpp
[0.940s] 
[0.940s]   Tried extensions .c .C .c++ .cc .cpp .cxx .cu .mpp .m .M .mm .ixx .cppm
[0.940s]   .ccm .cxxm .c++m .h .hh .h++ .hm .hpp .hxx .in .txx .f .F .for .f77 .f90
[0.940s]   .f95 .f03 .hip .ispc
[0.940s] 
[0.940s] [0m
[0.940s] [31mCMake Error at CMakeLists.txt:16 (add_executable):
[0.940s]   No SOURCES given to target: speed_pub_node
[0.940s] 
[0.940s] [0m
[0.940s] [0mCMake Generate step failed.  Build files cannot be regenerated correctly.[0m
[0.949s] Invoked command in '/home/niles/ros2_ws/build/speed_pub' returned '1': CMAKE_PREFIX_PATH=${CMAKE_PREFIX_PATH}:/opt/ros/jazzy CONDA_PROMPT_MODIFIER=(rss) DEBUGINFOD_URLS=https://debuginfod.ubuntu.com /usr/bin/cmake /home/niles/ros2_ws/src/speed_pub -DCMAKE_INSTALL_PREFIX=/home/niles/ros2_ws/install/speed_pub
