[0.018s] Invoking command in '/home/niles/ros2_ws/build/serial': CONDA_PROMPT_MODIFIER=(rss) DEBUGINFOD_URLS=https://debuginfod.ubuntu.com /usr/bin/cmake /home/niles/ros2_ws/src/serial -DCATKIN_INSTALL_INTO_PREFIX_ROOT=0 -DCMAKE_INSTALL_PREFIX=/home/niles/ros2_ws/install/serial
[0.106s] -- The C compiler identification is GNU 13.3.0
[0.192s] -- The CXX compiler identification is GNU 13.3.0
[0.224s] -- Detecting C compiler ABI info
[0.380s] -- Detecting C compiler ABI info - done
[0.391s] -- Check for working C compiler: /usr/bin/cc - skipped
[0.391s] -- Detecting C compile features
[0.392s] -- Detecting C compile features - done
[0.410s] -- Detecting CXX compiler ABI info
[0.584s] -- Detecting CXX compiler ABI info - done
[0.595s] -- Check for working CXX compiler: /usr/bin/c++ - skipped
[0.596s] -- Detecting CXX compile features
[0.596s] -- Detecting CXX compile features - done
[0.603s] -- Found ament_cmake: 2.5.3 (/opt/ros/jazzy/share/ament_cmake/cmake)
[0.893s] -- Found Python3: /home/niles/miniforge3/envs/rss/bin/python3 (found version "3.9.21") found components: Interpreter 
[1.154s] -- Configuring done (1.1s)
[1.160s] -- Generating done (0.0s)
[1.161s] [33mCMake Warning:
[1.161s]   Manually-specified variables were not used by the project:
[1.161s] 
[1.161s]     CATKIN_INSTALL_INTO_PREFIX_ROOT
[1.161s] 
[1.161s] [0m
[1.163s] -- Build files have been written to: /home/niles/ros2_ws/build/serial
[1.172s] Invoked command in '/home/niles/ros2_ws/build/serial' returned '0': CONDA_PROMPT_MODIFIER=(rss) DEBUGINFOD_URLS=https://debuginfod.ubuntu.com /usr/bin/cmake /home/niles/ros2_ws/src/serial -DCATKIN_INSTALL_INTO_PREFIX_ROOT=0 -DCMAKE_INSTALL_PREFIX=/home/niles/ros2_ws/install/serial
[1.174s] Invoking command in '/home/niles/ros2_ws/build/serial': CONDA_PROMPT_MODIFIER=(rss) DEBUGINFOD_URLS=https://debuginfod.ubuntu.com /usr/bin/cmake --build /home/niles/ros2_ws/build/serial -- -j16 -l16
[1.270s] [ 75%] [32mBuilding CXX object CMakeFiles/serial.dir/src/impl/list_ports/list_ports_linux.cc.o[0m
[1.270s] [ 75%] [32mBuilding CXX object CMakeFiles/serial.dir/src/impl/unix.cc.o[0m
[1.270s] [ 75%] [32mBuilding CXX object CMakeFiles/serial.dir/src/serial.cc.o[0m
[1.731s] [100%] [32m[1mLinking CXX static library libserial.a[0m
[1.772s] [100%] Built target serial
[1.785s] Invoked command in '/home/niles/ros2_ws/build/serial' returned '0': CONDA_PROMPT_MODIFIER=(rss) DEBUGINFOD_URLS=https://debuginfod.ubuntu.com /usr/bin/cmake --build /home/niles/ros2_ws/build/serial -- -j16 -l16
[1.797s] Invoking command in '/home/niles/ros2_ws/build/serial': CONDA_PROMPT_MODIFIER=(rss) DEBUGINFOD_URLS=https://debuginfod.ubuntu.com /usr/bin/cmake --install /home/niles/ros2_ws/build/serial
[1.806s] -- Install configuration: ""
[1.806s] -- Installing: /home/niles/ros2_ws/install/serial/lib/libserial.a
[1.807s] -- Installing: /home/niles/ros2_ws/install/serial/include/serial/serial.h
[1.807s] -- Installing: /home/niles/ros2_ws/install/serial/include/serial/v8stdint.h
[1.807s] -- Installing: /home/niles/ros2_ws/install/serial/share/serial/environment/library_path.sh
[1.807s] -- Installing: /home/niles/ros2_ws/install/serial/share/serial/environment/library_path.dsv
[1.807s] -- Installing: /home/niles/ros2_ws/install/serial/share/ament_index/resource_index/package_run_dependencies/serial
[1.807s] -- Installing: /home/niles/ros2_ws/install/serial/share/ament_index/resource_index/parent_prefix_path/serial
[1.808s] -- Installing: /home/niles/ros2_ws/install/serial/share/serial/environment/ament_prefix_path.sh
[1.808s] -- Installing: /home/niles/ros2_ws/install/serial/share/serial/environment/ament_prefix_path.dsv
[1.808s] -- Installing: /home/niles/ros2_ws/install/serial/share/serial/environment/path.sh
[1.808s] -- Installing: /home/niles/ros2_ws/install/serial/share/serial/environment/path.dsv
[1.808s] -- Installing: /home/niles/ros2_ws/install/serial/share/serial/local_setup.bash
[1.808s] -- Installing: /home/niles/ros2_ws/install/serial/share/serial/local_setup.sh
[1.808s] -- Installing: /home/niles/ros2_ws/install/serial/share/serial/local_setup.zsh
[1.808s] -- Installing: /home/niles/ros2_ws/install/serial/share/serial/local_setup.dsv
[1.809s] -- Installing: /home/niles/ros2_ws/install/serial/share/serial/package.dsv
[1.809s] -- Installing: /home/niles/ros2_ws/install/serial/share/ament_index/resource_index/packages/serial
[1.809s] -- Installing: /home/niles/ros2_ws/install/serial/share/serial/cmake/ament_cmake_export_include_directories-extras.cmake
[1.809s] -- Installing: /home/niles/ros2_ws/install/serial/share/serial/cmake/ament_cmake_export_libraries-extras.cmake
[1.809s] -- Installing: /home/niles/ros2_ws/install/serial/share/serial/cmake/serialConfig.cmake
[1.809s] -- Installing: /home/niles/ros2_ws/install/serial/share/serial/cmake/serialConfig-version.cmake
[1.809s] -- Installing: /home/niles/ros2_ws/install/serial/share/serial/package.xml
[1.814s] Invoked command in '/home/niles/ros2_ws/build/serial' returned '0': CONDA_PROMPT_MODIFIER=(rss) DEBUGINFOD_URLS=https://debuginfod.ubuntu.com /usr/bin/cmake --install /home/niles/ros2_ws/build/serial
