[0.011s] Invoking command in '/home/niles/ros2_ws/build/serial': CONDA_PROMPT_MODIFIER=(rss) DEBUGINFOD_URLS=https://debuginfod.ubuntu.com /usr/bin/cmake /home/niles/ros2_ws/src/serial -DCATKIN_INSTALL_INTO_PREFIX_ROOT=0 -DCMAKE_INSTALL_PREFIX=/home/niles/ros2_ws/install/serial
[0.056s] -- The C compiler identification is GNU 13.3.0
[0.097s] -- The CXX compiler identification is GNU 13.3.0
[0.113s] -- Detecting C compiler ABI info
[0.191s] -- Detecting C compiler ABI info - done
[0.196s] -- Check for working C compiler: /usr/bin/cc - skipped
[0.196s] -- Detecting C compile features
[0.196s] -- Detecting C compile features - done
[0.206s] -- Detecting CXX compiler ABI info
[0.292s] -- Detecting CXX compiler ABI info - done
[0.299s] -- Check for working CXX compiler: /usr/bin/c++ - skipped
[0.299s] -- Detecting CXX compile features
[0.299s] -- Detecting CXX compile features - done
[0.302s] -- Found ament_cmake: 2.5.3 (/opt/ros/jazzy/share/ament_cmake/cmake)
[0.449s] -- Found Python3: /home/niles/miniforge3/envs/rss/bin/python3 (found version "3.9.21") found components: Interpreter 
[0.576s] -- Configuring done (0.6s)
[0.579s] -- Generating done (0.0s)
[0.580s] [33mCMake Warning:
[0.580s]   Manually-specified variables were not used by the project:
[0.580s] 
[0.580s]     CATKIN_INSTALL_INTO_PREFIX_ROOT
[0.580s] 
[0.580s] [0m
[0.581s] -- Build files have been written to: /home/niles/ros2_ws/build/serial
[0.585s] Invoked command in '/home/niles/ros2_ws/build/serial' returned '0': CONDA_PROMPT_MODIFIER=(rss) DEBUGINFOD_URLS=https://debuginfod.ubuntu.com /usr/bin/cmake /home/niles/ros2_ws/src/serial -DCATKIN_INSTALL_INTO_PREFIX_ROOT=0 -DCMAKE_INSTALL_PREFIX=/home/niles/ros2_ws/install/serial
[0.586s] Invoking command in '/home/niles/ros2_ws/build/serial': CONDA_PROMPT_MODIFIER=(rss) DEBUGINFOD_URLS=https://debuginfod.ubuntu.com /usr/bin/cmake --build /home/niles/ros2_ws/build/serial -- -j16 -l16
[0.642s] [ 75%] [32mBuilding CXX object CMakeFiles/serial.dir/src/impl/list_ports/list_ports_linux.cc.o[0m
[0.642s] [ 75%] [32mBuilding CXX object CMakeFiles/serial.dir/src/impl/unix.cc.o[0m
[0.642s] [ 75%] [32mBuilding CXX object CMakeFiles/serial.dir/src/serial.cc.o[0m
[0.957s] [100%] [32m[1mLinking CXX static library libserial.a[0m
[0.993s] [100%] Built target serial
[1.007s] Invoked command in '/home/niles/ros2_ws/build/serial' returned '0': CONDA_PROMPT_MODIFIER=(rss) DEBUGINFOD_URLS=https://debuginfod.ubuntu.com /usr/bin/cmake --build /home/niles/ros2_ws/build/serial -- -j16 -l16
[1.017s] Invoking command in '/home/niles/ros2_ws/build/serial': CONDA_PROMPT_MODIFIER=(rss) DEBUGINFOD_URLS=https://debuginfod.ubuntu.com /usr/bin/cmake --install /home/niles/ros2_ws/build/serial
[1.023s] -- Install configuration: ""
[1.023s] -- Installing: /home/niles/ros2_ws/install/serial/lib/libserial.a
[1.024s] -- Installing: /home/niles/ros2_ws/install/serial/include/serial/serial.h
[1.024s] -- Installing: /home/niles/ros2_ws/install/serial/include/serial/v8stdint.h
[1.024s] -- Installing: /home/niles/ros2_ws/install/serial/share/serial/environment/library_path.sh
[1.024s] -- Installing: /home/niles/ros2_ws/install/serial/share/serial/environment/library_path.dsv
[1.025s] -- Installing: /home/niles/ros2_ws/install/serial/share/ament_index/resource_index/package_run_dependencies/serial
[1.025s] -- Installing: /home/niles/ros2_ws/install/serial/share/ament_index/resource_index/parent_prefix_path/serial
[1.025s] -- Installing: /home/niles/ros2_ws/install/serial/share/serial/environment/ament_prefix_path.sh
[1.025s] -- Installing: /home/niles/ros2_ws/install/serial/share/serial/environment/ament_prefix_path.dsv
[1.025s] -- Installing: /home/niles/ros2_ws/install/serial/share/serial/environment/path.sh
[1.025s] -- Installing: /home/niles/ros2_ws/install/serial/share/serial/environment/path.dsv
[1.025s] -- Installing: /home/niles/ros2_ws/install/serial/share/serial/local_setup.bash
[1.025s] -- Installing: /home/niles/ros2_ws/install/serial/share/serial/local_setup.sh
[1.025s] -- Installing: /home/niles/ros2_ws/install/serial/share/serial/local_setup.zsh
[1.025s] -- Installing: /home/niles/ros2_ws/install/serial/share/serial/local_setup.dsv
[1.025s] -- Installing: /home/niles/ros2_ws/install/serial/share/serial/package.dsv
[1.025s] -- Installing: /home/niles/ros2_ws/install/serial/share/ament_index/resource_index/packages/serial
[1.025s] -- Installing: /home/niles/ros2_ws/install/serial/share/serial/cmake/ament_cmake_export_include_directories-extras.cmake
[1.025s] -- Installing: /home/niles/ros2_ws/install/serial/share/serial/cmake/ament_cmake_export_libraries-extras.cmake
[1.025s] -- Installing: /home/niles/ros2_ws/install/serial/share/serial/cmake/serialConfig.cmake
[1.026s] -- Installing: /home/niles/ros2_ws/install/serial/share/serial/cmake/serialConfig-version.cmake
[1.026s] -- Installing: /home/niles/ros2_ws/install/serial/share/serial/package.xml
[1.027s] Invoked command in '/home/niles/ros2_ws/build/serial' returned '0': CONDA_PROMPT_MODIFIER=(rss) DEBUGINFOD_URLS=https://debuginfod.ubuntu.com /usr/bin/cmake --install /home/niles/ros2_ws/build/serial
