[0.011s] Invoking command in '/home/niles/ros2_ws/build/speed_pub': CMAKE_PREFIX_PATH=${CMAKE_PREFIX_PATH}:/opt/ros/jazzy CONDA_PROMPT_MODIFIER=(rss) DEBUGINFOD_URLS=https://debuginfod.ubuntu.com /usr/bin/cmake /home/niles/ros2_ws/src/speed_pub -DCMAKE_INSTALL_PREFIX=/home/niles/ros2_ws/install/speed_pub
[0.023s] -- Found ament_cmake: 2.5.3 (/opt/ros/jazzy/share/ament_cmake/cmake)
[0.191s] -- Found rclcpp: 28.1.6 (/opt/ros/jazzy/share/rclcpp/cmake)
[0.210s] -- Found rosidl_generator_c: 4.6.5 (/opt/ros/jazzy/share/rosidl_generator_c/cmake)
[0.215s] -- Found rosidl_generator_cpp: 4.6.5 (/opt/ros/jazzy/share/rosidl_generator_cpp/cmake)
[0.222s] -- Using all available rosidl_typesupport_c: rosidl_typesupport_fastrtps_c;rosidl_typesupport_introspection_c
[0.230s] -- Using all available rosidl_typesupport_cpp: rosidl_typesupport_fastrtps_cpp;rosidl_typesupport_introspection_cpp
[0.266s] -- Found rmw_implementation_cmake: 7.3.1 (/opt/ros/jazzy/share/rmw_implementation_cmake/cmake)
[0.267s] -- Found rmw_fastrtps_cpp: 8.4.1 (/opt/ros/jazzy/share/rmw_fastrtps_cpp/cmake)
[0.315s] -- Using RMW implementation 'rmw_fastrtps_cpp' as default
[0.354s] -- Found std_msgs: 5.3.5 (/opt/ros/jazzy/share/std_msgs/cmake)
[0.362s] -- Found ament_lint_auto: 0.17.1 (/opt/ros/jazzy/share/ament_lint_auto/cmake)
[0.414s] -- Added test 'cppcheck' to perform static code analysis on C / C++ code
[0.414s] -- Configured cppcheck include dirs: 
[0.414s] -- Configured cppcheck exclude dirs and/or files: 
[0.415s] -- Added test 'lint_cmake' to check CMake code style
[0.415s] -- Added test 'uncrustify' to check C / C++ code style
[0.415s] -- Configured uncrustify additional arguments: 
[0.416s] -- Added test 'xmllint' to check XML markup files
[0.416s] -- Configuring done (0.4s)
[0.423s] -- Generating done (0.0s)
[0.425s] -- Build files have been written to: /home/niles/ros2_ws/build/speed_pub
[0.433s] Invoked command in '/home/niles/ros2_ws/build/speed_pub' returned '0': CMAKE_PREFIX_PATH=${CMAKE_PREFIX_PATH}:/opt/ros/jazzy CONDA_PROMPT_MODIFIER=(rss) DEBUGINFOD_URLS=https://debuginfod.ubuntu.com /usr/bin/cmake /home/niles/ros2_ws/src/speed_pub -DCMAKE_INSTALL_PREFIX=/home/niles/ros2_ws/install/speed_pub
[0.434s] Invoking command in '/home/niles/ros2_ws/build/speed_pub': CMAKE_PREFIX_PATH=${CMAKE_PREFIX_PATH}:/opt/ros/jazzy CONDA_PROMPT_MODIFIER=(rss) DEBUGINFOD_URLS=https://debuginfod.ubuntu.com /usr/bin/cmake --build /home/niles/ros2_ws/build/speed_pub -- -j16 -l16
[0.482s] [ 50%] [32mBuilding CXX object CMakeFiles/speed_pub_node.dir/src/speed_pub_node.cpp.o[0m
[3.234s] [100%] [32m[1mLinking CXX executable speed_pub_node[0m
[3.347s] [100%] Built target speed_pub_node
[3.359s] Invoked command in '/home/niles/ros2_ws/build/speed_pub' returned '0': CMAKE_PREFIX_PATH=${CMAKE_PREFIX_PATH}:/opt/ros/jazzy CONDA_PROMPT_MODIFIER=(rss) DEBUGINFOD_URLS=https://debuginfod.ubuntu.com /usr/bin/cmake --build /home/niles/ros2_ws/build/speed_pub -- -j16 -l16
[3.368s] Invoking command in '/home/niles/ros2_ws/build/speed_pub': CMAKE_PREFIX_PATH=${CMAKE_PREFIX_PATH}:/opt/ros/jazzy CONDA_PROMPT_MODIFIER=(rss) DEBUGINFOD_URLS=https://debuginfod.ubuntu.com /usr/bin/cmake --install /home/niles/ros2_ws/build/speed_pub
[3.376s] -- Install configuration: ""
[3.376s] -- Installing: /home/niles/ros2_ws/install/speed_pub/lib/speed_pub/speed_pub_node
[3.377s] -- Set non-toolchain portion of runtime path of "/home/niles/ros2_ws/install/speed_pub/lib/speed_pub/speed_pub_node" to ""
[3.377s] -- Installing: /home/niles/ros2_ws/install/speed_pub/share/ament_index/resource_index/package_run_dependencies/speed_pub
[3.377s] -- Installing: /home/niles/ros2_ws/install/speed_pub/share/ament_index/resource_index/parent_prefix_path/speed_pub
[3.378s] -- Installing: /home/niles/ros2_ws/install/speed_pub/share/speed_pub/environment/ament_prefix_path.sh
[3.378s] -- Installing: /home/niles/ros2_ws/install/speed_pub/share/speed_pub/environment/ament_prefix_path.dsv
[3.378s] -- Installing: /home/niles/ros2_ws/install/speed_pub/share/speed_pub/environment/path.sh
[3.378s] -- Installing: /home/niles/ros2_ws/install/speed_pub/share/speed_pub/environment/path.dsv
[3.378s] -- Installing: /home/niles/ros2_ws/install/speed_pub/share/speed_pub/local_setup.bash
[3.378s] -- Installing: /home/niles/ros2_ws/install/speed_pub/share/speed_pub/local_setup.sh
[3.378s] -- Installing: /home/niles/ros2_ws/install/speed_pub/share/speed_pub/local_setup.zsh
[3.378s] -- Installing: /home/niles/ros2_ws/install/speed_pub/share/speed_pub/local_setup.dsv
[3.378s] -- Installing: /home/niles/ros2_ws/install/speed_pub/share/speed_pub/package.dsv
[3.378s] -- Installing: /home/niles/ros2_ws/install/speed_pub/share/ament_index/resource_index/packages/speed_pub
[3.378s] -- Installing: /home/niles/ros2_ws/install/speed_pub/share/speed_pub/cmake/speed_pubConfig.cmake
[3.378s] -- Installing: /home/niles/ros2_ws/install/speed_pub/share/speed_pub/cmake/speed_pubConfig-version.cmake
[3.378s] -- Installing: /home/niles/ros2_ws/install/speed_pub/share/speed_pub/package.xml
[3.380s] Invoked command in '/home/niles/ros2_ws/build/speed_pub' returned '0': CMAKE_PREFIX_PATH=${CMAKE_PREFIX_PATH}:/opt/ros/jazzy CONDA_PROMPT_MODIFIER=(rss) DEBUGINFOD_URLS=https://debuginfod.ubuntu.com /usr/bin/cmake --install /home/niles/ros2_ws/build/speed_pub
