[ 33%] [32mBuilding CXX object CMakeFiles/speed_control_node.dir/src/speed_control_node.cpp.o[0m
[ 66%] [32m[1mLinking CXX executable speed_control_node[0m
[100%] Built target speed_control_node
-- Install configuration: ""
-- Installing: /home/niles/ros2_ws/install/roboteq_controller/lib/roboteq_controller/speed_control_node
-- Set non-toolchain portion of runtime path of "/home/niles/ros2_ws/install/roboteq_controller/lib/roboteq_controller/speed_control_node" to ""
-- Up-to-date: /home/niles/ros2_ws/install/roboteq_controller/share/ament_index/resource_index/package_run_dependencies/roboteq_controller
-- Up-to-date: /home/niles/ros2_ws/install/roboteq_controller/share/ament_index/resource_index/parent_prefix_path/roboteq_controller
-- Up-to-date: /home/niles/ros2_ws/install/roboteq_controller/share/roboteq_controller/environment/ament_prefix_path.sh
-- Up-to-date: /home/niles/ros2_ws/install/roboteq_controller/share/roboteq_controller/environment/ament_prefix_path.dsv
-- Up-to-date: /home/niles/ros2_ws/install/roboteq_controller/share/roboteq_controller/environment/path.sh
-- Up-to-date: /home/niles/ros2_ws/install/roboteq_controller/share/roboteq_controller/environment/path.dsv
-- Up-to-date: /home/niles/ros2_ws/install/roboteq_controller/share/roboteq_controller/local_setup.bash
-- Up-to-date: /home/niles/ros2_ws/install/roboteq_controller/share/roboteq_controller/local_setup.sh
-- Up-to-date: /home/niles/ros2_ws/install/roboteq_controller/share/roboteq_controller/local_setup.zsh
-- Up-to-date: /home/niles/ros2_ws/install/roboteq_controller/share/roboteq_controller/local_setup.dsv
-- Installing: /home/niles/ros2_ws/install/roboteq_controller/share/roboteq_controller/package.dsv
-- Up-to-date: /home/niles/ros2_ws/install/roboteq_controller/share/ament_index/resource_index/packages/roboteq_controller
-- Up-to-date: /home/niles/ros2_ws/install/roboteq_controller/share/roboteq_controller/cmake/roboteq_controllerConfig.cmake
-- Up-to-date: /home/niles/ros2_ws/install/roboteq_controller/share/roboteq_controller/cmake/roboteq_controllerConfig-version.cmake
-- Up-to-date: /home/niles/ros2_ws/install/roboteq_controller/share/roboteq_controller/package.xml
